=== RUN   TestResolveInstanceConfigAndHelperNormalization
panic: test timed out after 10m0s
	running tests:
		TestResolveInstanceConfigAndHelperNormalization (10m0s)

goroutine 81 [running]:
testing.(*M).startAlarm.func1()
	/Users/pedronauck/.local/share/mise/installs/go/1.26.1/src/testing/testing.go:2802 +0x494
created by time.goFunc
	/Users/pedronauck/.local/share/mise/installs/go/1.26.1/src/time/sleep.go:215 +0x44

goroutine 1 [chan receive, 10 minutes]:
testing.(*T).Run(0xc0000fc6c8, {0x10198f950, 0x2f}, 0x101faad88)
	/Users/pedronauck/.local/share/mise/installs/go/1.26.1/src/testing/testing.go:2109 +0x7dc
testing.runTests.func1(0xc0000fc6c8)
	/Users/pedronauck/.local/share/mise/installs/go/1.26.1/src/testing/testing.go:2585 +0x7c
testing.tRunner(0xc0000fc6c8, 0xc00029fab8)
	/Users/pedronauck/.local/share/mise/installs/go/1.26.1/src/testing/testing.go:2036 +0x168
testing.runTests({0x101981cf5, 0x19}, {0x101991f2a, 0x35}, 0xc0000101f8, {0x102038200, 0xe, 0xe}, {0xc000230840?, 0xc000461720?, ...})
	/Users/pedronauck/.local/share/mise/installs/go/1.26.1/src/testing/testing.go:2583 +0x7a4
testing.(*M).Run(0xc0000b9d60)
	/Users/pedronauck/.local/share/mise/installs/go/1.26.1/src/testing/testing.go:2443 +0xb3c
main.main()
	_testmain.go:72 +0x104

goroutine 41 [sync.WaitGroup.Wait, 10 minutes]:
sync.runtime_SemacquireWaitGroup(0xc000001a30?, 0x0?)
	/Users/pedronauck/.local/share/mise/installs/go/1.26.1/src/runtime/sema.go:114 +0x38
sync.(*WaitGroup).Wait(0xc000001a30)
	/Users/pedronauck/.local/share/mise/installs/go/1.26.1/src/sync/waitgroup.go:206 +0xc0
github.com/pedronauck/agh/extensions/bridges/telegram.newRuntimePeerPair.func3.1()
	/Users/pedronauck/Dev/compozy/_worktrees/bridge-adapters/extensions/bridges/telegram/provider_test.go:1215 +0x288
sync.(*Once).doSlow(0xc0002a40b4, 0xc0002c3378)
	/Users/pedronauck/.local/share/mise/installs/go/1.26.1/src/sync/once.go:78 +0x98
sync.(*Once).Do(0xc0002a40b4, 0xc0002c3378)
	/Users/pedronauck/.local/share/mise/installs/go/1.26.1/src/sync/once.go:69 +0x44
github.com/pedronauck/agh/extensions/bridges/telegram.newRuntimePeerPair.func3()
	/Users/pedronauck/Dev/compozy/_worktrees/bridge-adapters/extensions/bridges/telegram/provider_test.go:1191 +0xfc
github.com/pedronauck/agh/extensions/bridges/telegram.TestResolveInstanceConfigAndHelperNormalization(0xc0000fc908)
	/Users/pedronauck/Dev/compozy/_worktrees/bridge-adapters/extensions/bridges/telegram/provider_test.go:621 +0x1664
testing.tRunner(0xc0000fc908, 0x101faad88)
	/Users/pedronauck/.local/share/mise/installs/go/1.26.1/src/testing/testing.go:2036 +0x168
created by testing.(*T).Run in goroutine 1
	/Users/pedronauck/.local/share/mise/installs/go/1.26.1/src/testing/testing.go:2101 +0x7c0

goroutine 42 [IO wait, 10 minutes]:
internal/poll.runtime_pollWait(0x131308e00, 0x72)
	/Users/pedronauck/.local/share/mise/installs/go/1.26.1/src/runtime/netpoll.go:351 +0xa0
internal/poll.(*pollDesc).wait(0xc00004b2a0, 0x72, 0x0)
	/Users/pedronauck/.local/share/mise/installs/go/1.26.1/src/internal/poll/fd_poll_runtime.go:84 +0xb8
internal/poll.(*pollDesc).waitRead(...)
	/Users/pedronauck/.local/share/mise/installs/go/1.26.1/src/internal/poll/fd_poll_runtime.go:89
internal/poll.(*FD).Accept(0xc00004b280)
	/Users/pedronauck/.local/share/mise/installs/go/1.26.1/src/internal/poll/fd_unix.go:613 +0x35c
net.(*netFD).accept(0xc00004b280)
	/Users/pedronauck/.local/share/mise/installs/go/1.26.1/src/net/fd_unix.go:150 +0x38
net.(*TCPListener).accept(0xc000230940)
	/Users/pedronauck/.local/share/mise/installs/go/1.26.1/src/net/tcpsock_posix.go:159 +0x40
net.(*TCPListener).Accept(0xc000230940)
	/Users/pedronauck/.local/share/mise/installs/go/1.26.1/src/net/tcpsock.go:387 +0x68
net/http.(*Server).Serve(0xc00018e200, {0x101fb5010, 0xc000230940})
	/Users/pedronauck/.local/share/mise/installs/go/1.26.1/src/net/http/server.go:3434 +0x404
net/http/httptest.(*Server).goServe.func1()
	/Users/pedronauck/.local/share/mise/installs/go/1.26.1/src/net/http/httptest/server.go:341 +0x9c
created by net/http/httptest.(*Server).goServe in goroutine 41
	/Users/pedronauck/.local/share/mise/installs/go/1.26.1/src/net/http/httptest/server.go:339 +0x98

goroutine 50 [IO wait, 10 minutes]:
internal/poll.runtime_pollWait(0x131308c00, 0x72)
	/Users/pedronauck/.local/share/mise/installs/go/1.26.1/src/runtime/netpoll.go:351 +0xa0
internal/poll.(*pollDesc).wait(0xc000310120, 0x72, 0x0)
	/Users/pedronauck/.local/share/mise/installs/go/1.26.1/src/internal/poll/fd_poll_runtime.go:84 +0xb8
internal/poll.(*pollDesc).waitRead(...)
	/Users/pedronauck/.local/share/mise/installs/go/1.26.1/src/internal/poll/fd_poll_runtime.go:89
internal/poll.(*FD).Accept(0xc000310100)
	/Users/pedronauck/.local/share/mise/installs/go/1.26.1/src/internal/poll/fd_unix.go:613 +0x35c
net.(*netFD).accept(0xc000310100)
	/Users/pedronauck/.local/share/mise/installs/go/1.26.1/src/net/fd_unix.go:150 +0x38
net.(*TCPListener).accept(0xc00041c100)
	/Users/pedronauck/.local/share/mise/installs/go/1.26.1/src/net/tcpsock_posix.go:159 +0x40
net.(*TCPListener).Accept(0xc00041c100)
	/Users/pedronauck/.local/share/mise/installs/go/1.26.1/src/net/tcpsock.go:387 +0x68
net/http.(*Server).Serve(0xc00018e100, {0x101fb5010, 0xc00041c100})
	/Users/pedronauck/.local/share/mise/installs/go/1.26.1/src/net/http/server.go:3434 +0x404
github.com/pedronauck/agh/extensions/bridges/telegram.(*telegramProvider).startServer.func1()
	/Users/pedronauck/Dev/compozy/_worktrees/bridge-adapters/extensions/bridges/telegram/provider.go:792 +0x90
created by github.com/pedronauck/agh/extensions/bridges/telegram.(*telegramProvider).startServer in goroutine 46
	/Users/pedronauck/Dev/compozy/_worktrees/bridge-adapters/extensions/bridges/telegram/provider.go:790 +0x694
FAIL	github.com/pedronauck/agh/extensions/bridges/telegram	600.028s
FAIL
