2026/04/16 11:22:44 INFO skills: watcher started roots="[/Users/pedronauck/.agents/skills /Users/pedronauck/Dev/compozy/_worktrees/ext-refac/.compozy/tasks/ext-parity/qa/runtime-home-manual/skills]" interval=3s
{"time":"2026-04-16T11:22:44.078391-03:00","level":"INFO","msg":"automation.managed.resource_sync","component":"automation","source":"config","jobs_synced":0,"triggers_synced":0,"jobs_removed":0,"triggers_removed":0}
{"time":"2026-04-16T11:22:44.078391-03:00","level":"INFO","msg":"automation.managed.resource_sync","component":"automation","source":"config","jobs_synced":0,"triggers_synced":0,"jobs_removed":0,"triggers_removed":0}
{"time":"2026-04-16T11:22:44.078624-03:00","level":"INFO","msg":"automation.scheduler.started","component":"automation","jobs_loaded":0}
{"time":"2026-04-16T11:22:44.078624-03:00","level":"INFO","msg":"automation.scheduler.started","component":"automation","jobs_loaded":0}
{"time":"2026-04-16T11:22:44.07867-03:00","level":"INFO","msg":"automation.manager.started","component":"automation","jobs_synced":0,"triggers_synced":0,"jobs_removed":0,"triggers_removed":0,"jobs_loaded":0,"triggers_loaded":0}
{"time":"2026-04-16T11:22:44.07867-03:00","level":"INFO","msg":"automation.manager.started","component":"automation","jobs_synced":0,"triggers_synced":0,"jobs_removed":0,"triggers_removed":0,"jobs_loaded":0,"triggers_loaded":0}
2026/04/16 11:22:44 WARN skills: unknown frontmatter field field=allowed-tools
2026/04/16 11:22:44 WARN skills: unknown frontmatter field field=argument-hint
2026/04/16 11:22:44 WARN skills: unknown frontmatter field field=user-invocable
[GIN-debug] [WARNING] Running in "debug" mode. Switch to "release" mode in production.
 - using env:	export GIN_MODE=release
 - using code:	gin.SetMode(gin.ReleaseMode)

{"time":"2026-04-16T11:22:44.118958-03:00","level":"WARN","msg":"api: stream shutdown bridge not provided; streaming handlers will rely on caller context until a transport installs one"}
{"time":"2026-04-16T11:22:44.118958-03:00","level":"WARN","msg":"api: stream shutdown bridge not provided; streaming handlers will rely on caller context until a transport installs one"}
[GIN-debug] GET    /api/bridges              --> github.com/pedronauck/agh/internal/api/core.(*BaseHandlers).ListBridges-fm (5 handlers)
[GIN-debug] POST   /api/bridges              --> github.com/pedronauck/agh/internal/api/core.(*BaseHandlers).CreateBridge-fm (5 handlers)
[GIN-debug] GET    /api/bridges/providers    --> github.com/pedronauck/agh/internal/api/core.(*BaseHandlers).ListBridgeProviders-fm (5 handlers)
[GIN-debug] GET    /api/bridges/health/stream --> github.com/pedronauck/agh/internal/api/core.(*BaseHandlers).StreamBridgeHealth-fm (5 handlers)
[GIN-debug] GET    /api/bridges/:id          --> github.com/pedronauck/agh/internal/api/core.(*BaseHandlers).GetBridge-fm (5 handlers)
[GIN-debug] PATCH  /api/bridges/:id          --> github.com/pedronauck/agh/internal/api/core.(*BaseHandlers).UpdateBridge-fm (5 handlers)
[GIN-debug] POST   /api/bridges/:id/enable   --> github.com/pedronauck/agh/internal/api/core.(*BaseHandlers).EnableBridge-fm (5 handlers)
[GIN-debug] POST   /api/bridges/:id/disable  --> github.com/pedronauck/agh/internal/api/core.(*BaseHandlers).DisableBridge-fm (5 handlers)
[GIN-debug] POST   /api/bridges/:id/restart  --> github.com/pedronauck/agh/internal/api/core.(*BaseHandlers).RestartBridge-fm (5 handlers)
[GIN-debug] GET    /api/bridges/:id/routes   --> github.com/pedronauck/agh/internal/api/core.(*BaseHandlers).ListBridgeRoutes-fm (5 handlers)
[GIN-debug] GET    /api/bridges/:id/secret-bindings --> github.com/pedronauck/agh/internal/api/core.(*BaseHandlers).ListBridgeSecretBindings-fm (5 handlers)
[GIN-debug] PUT    /api/bridges/:id/secret-bindings/:binding_name --> github.com/pedronauck/agh/internal/api/core.(*BaseHandlers).PutBridgeSecretBinding-fm (5 handlers)
[GIN-debug] DELETE /api/bridges/:id/secret-bindings/:binding_name --> github.com/pedronauck/agh/internal/api/core.(*BaseHandlers).DeleteBridgeSecretBinding-fm (5 handlers)
[GIN-debug] POST   /api/bridges/:id/test-delivery --> github.com/pedronauck/agh/internal/api/core.(*BaseHandlers).TestBridgeDelivery-fm (5 handlers)
[GIN-debug] POST   /api/workspaces           --> github.com/pedronauck/agh/internal/api/core.(*BaseHandlers).CreateWorkspace-fm (5 handlers)
[GIN-debug] GET    /api/workspaces           --> github.com/pedronauck/agh/internal/api/core.(*BaseHandlers).ListWorkspaces-fm (5 handlers)
[GIN-debug] GET    /api/workspaces/:id       --> github.com/pedronauck/agh/internal/api/core.(*BaseHandlers).GetWorkspace-fm (5 handlers)
[GIN-debug] PATCH  /api/workspaces/:id       --> github.com/pedronauck/agh/internal/api/core.(*BaseHandlers).UpdateWorkspace-fm (5 handlers)
[GIN-debug] DELETE /api/workspaces/:id       --> github.com/pedronauck/agh/internal/api/core.(*BaseHandlers).DeleteWorkspace-fm (5 handlers)
[GIN-debug] POST   /api/workspaces/resolve   --> github.com/pedronauck/agh/internal/api/core.(*BaseHandlers).ResolveWorkspace-fm (5 handlers)
[GIN-debug] GET    /api/sessions             --> github.com/pedronauck/agh/internal/api/core.(*BaseHandlers).ListSessions-fm (5 handlers)
[GIN-debug] POST   /api/sessions             --> github.com/pedronauck/agh/internal/api/core.(*BaseHandlers).CreateSession-fm (5 handlers)
[GIN-debug] GET    /api/sessions/:id         --> github.com/pedronauck/agh/internal/api/core.(*BaseHandlers).GetSession-fm (5 handlers)
[GIN-debug] DELETE /api/sessions/:id         --> github.com/pedronauck/agh/internal/api/core.(*BaseHandlers).StopSession-fm (5 handlers)
[GIN-debug] POST   /api/sessions/:id/resume  --> github.com/pedronauck/agh/internal/api/core.(*BaseHandlers).ResumeSession-fm (5 handlers)
[GIN-debug] POST   /api/sessions/:id/prompt  --> github.com/pedronauck/agh/internal/api/httpapi.(*Handlers).promptSession-fm (5 handlers)
[GIN-debug] GET    /api/sessions/:id/events  --> github.com/pedronauck/agh/internal/api/core.(*BaseHandlers).SessionEvents-fm (5 handlers)
[GIN-debug] GET    /api/sessions/:id/history --> github.com/pedronauck/agh/internal/api/core.(*BaseHandlers).SessionHistory-fm (5 handlers)
[GIN-debug] GET    /api/sessions/:id/transcript --> github.com/pedronauck/agh/internal/api/core.(*BaseHandlers).SessionTranscript-fm (5 handlers)
[GIN-debug] GET    /api/sessions/:id/stream  --> github.com/pedronauck/agh/internal/api/core.(*BaseHandlers).StreamSession-fm (5 handlers)
[GIN-debug] POST   /api/sessions/:id/approve --> github.com/pedronauck/agh/internal/api/httpapi.(*Handlers).approveSession-fm (5 handlers)
[GIN-debug] GET    /api/agents               --> github.com/pedronauck/agh/internal/api/core.(*BaseHandlers).ListAgents-fm (5 handlers)
[GIN-debug] GET    /api/agents/:name         --> github.com/pedronauck/agh/internal/api/core.(*BaseHandlers).GetAgent-fm (5 handlers)
[GIN-debug] GET    /api/observe/events       --> github.com/pedronauck/agh/internal/api/core.(*BaseHandlers).ObserveEvents-fm (5 handlers)
[GIN-debug] GET    /api/observe/events/stream --> github.com/pedronauck/agh/internal/api/core.(*BaseHandlers).StreamObserveEvents-fm (5 handlers)
[GIN-debug] GET    /api/observe/health       --> github.com/pedronauck/agh/internal/api/core.(*BaseHandlers).Health-fm (5 handlers)
[GIN-debug] GET    /api/hooks/catalog        --> github.com/pedronauck/agh/internal/api/core.(*BaseHandlers).HookCatalog-fm (5 handlers)
[GIN-debug] GET    /api/hooks/runs           --> github.com/pedronauck/agh/internal/api/core.(*BaseHandlers).HookRuns-fm (5 handlers)
[GIN-debug] GET    /api/hooks/events         --> github.com/pedronauck/agh/internal/api/core.(*BaseHandlers).HookEvents-fm (5 handlers)
[GIN-debug] GET    /api/automation/jobs      --> github.com/pedronauck/agh/internal/api/core.(*BaseHandlers).ListAutomationJobs-fm (5 handlers)
[GIN-debug] POST   /api/automation/jobs      --> github.com/pedronauck/agh/internal/api/core.(*BaseHandlers).CreateAutomationJob-fm (5 handlers)
[GIN-debug] GET    /api/automation/jobs/:id  --> github.com/pedronauck/agh/internal/api/core.(*BaseHandlers).GetAutomationJob-fm (5 handlers)
[GIN-debug] PATCH  /api/automation/jobs/:id  --> github.com/pedronauck/agh/internal/api/core.(*BaseHandlers).UpdateAutomationJob-fm (5 handlers)
[GIN-debug] DELETE /api/automation/jobs/:id  --> github.com/pedronauck/agh/internal/api/core.(*BaseHandlers).DeleteAutomationJob-fm (5 handlers)
[GIN-debug] POST   /api/automation/jobs/:id/trigger --> github.com/pedronauck/agh/internal/api/core.(*BaseHandlers).TriggerAutomationJob-fm (5 handlers)
[GIN-debug] GET    /api/automation/jobs/:id/runs --> github.com/pedronauck/agh/internal/api/core.(*BaseHandlers).AutomationJobRuns-fm (5 handlers)
[GIN-debug] GET    /api/automation/triggers  --> github.com/pedronauck/agh/internal/api/core.(*BaseHandlers).ListAutomationTriggers-fm (5 handlers)
[GIN-debug] POST   /api/automation/triggers  --> github.com/pedronauck/agh/internal/api/core.(*BaseHandlers).CreateAutomationTrigger-fm (5 handlers)
[GIN-debug] GET    /api/automation/triggers/:id --> github.com/pedronauck/agh/internal/api/core.(*BaseHandlers).GetAutomationTrigger-fm (5 handlers)
[GIN-debug] PATCH  /api/automation/triggers/:id --> github.com/pedronauck/agh/internal/api/core.(*BaseHandlers).UpdateAutomationTrigger-fm (5 handlers)
[GIN-debug] DELETE /api/automation/triggers/:id --> github.com/pedronauck/agh/internal/api/core.(*BaseHandlers).DeleteAutomationTrigger-fm (5 handlers)
[GIN-debug] GET    /api/automation/triggers/:id/runs --> github.com/pedronauck/agh/internal/api/core.(*BaseHandlers).AutomationTriggerRuns-fm (5 handlers)
[GIN-debug] GET    /api/automation/runs      --> github.com/pedronauck/agh/internal/api/core.(*BaseHandlers).ListAutomationRuns-fm (5 handlers)
[GIN-debug] GET    /api/automation/runs/:id  --> github.com/pedronauck/agh/internal/api/core.(*BaseHandlers).GetAutomationRun-fm (5 handlers)
[GIN-debug] POST   /api/tasks                --> github.com/pedronauck/agh/internal/api/core.(*BaseHandlers).CreateTask-fm (5 handlers)
[GIN-debug] GET    /api/tasks                --> github.com/pedronauck/agh/internal/api/core.(*BaseHandlers).ListTasks-fm (5 handlers)
[GIN-debug] GET    /api/tasks/:id            --> github.com/pedronauck/agh/internal/api/core.(*BaseHandlers).GetTask-fm (5 handlers)
[GIN-debug] PATCH  /api/tasks/:id            --> github.com/pedronauck/agh/internal/api/core.(*BaseHandlers).UpdateTask-fm (5 handlers)
[GIN-debug] POST   /api/tasks/:id/cancel     --> github.com/pedronauck/agh/internal/api/core.(*BaseHandlers).CancelTask-fm (5 handlers)
[GIN-debug] POST   /api/tasks/:id/children   --> github.com/pedronauck/agh/internal/api/core.(*BaseHandlers).CreateChildTask-fm (5 handlers)
[GIN-debug] POST   /api/tasks/:id/dependencies --> github.com/pedronauck/agh/internal/api/core.(*BaseHandlers).AddTaskDependency-fm (5 handlers)
[GIN-debug] DELETE /api/tasks/:id/dependencies/:depends_on_id --> github.com/pedronauck/agh/internal/api/core.(*BaseHandlers).RemoveTaskDependency-fm (5 handlers)
[GIN-debug] POST   /api/tasks/:id/runs       --> github.com/pedronauck/agh/internal/api/core.(*BaseHandlers).EnqueueTaskRun-fm (5 handlers)
[GIN-debug] GET    /api/tasks/:id/runs       --> github.com/pedronauck/agh/internal/api/core.(*BaseHandlers).ListTaskRuns-fm (5 handlers)
[GIN-debug] POST   /api/task-runs/:id/claim  --> github.com/pedronauck/agh/internal/api/core.(*BaseHandlers).ClaimTaskRun-fm (5 handlers)
[GIN-debug] POST   /api/task-runs/:id/start  --> github.com/pedronauck/agh/internal/api/core.(*BaseHandlers).StartTaskRun-fm (5 handlers)
[GIN-debug] POST   /api/task-runs/:id/attach-session --> github.com/pedronauck/agh/internal/api/core.(*BaseHandlers).AttachTaskRunSession-fm (5 handlers)
[GIN-debug] POST   /api/task-runs/:id/complete --> github.com/pedronauck/agh/internal/api/core.(*BaseHandlers).CompleteTaskRun-fm (5 handlers)
[GIN-debug] POST   /api/task-runs/:id/fail   --> github.com/pedronauck/agh/internal/api/core.(*BaseHandlers).FailTaskRun-fm (5 handlers)
[GIN-debug] POST   /api/task-runs/:id/cancel --> github.com/pedronauck/agh/internal/api/core.(*BaseHandlers).CancelTaskRun-fm (5 handlers)
[GIN-debug] GET    /api/skills               --> github.com/pedronauck/agh/internal/api/core.(*BaseHandlers).ListSkills-fm (5 handlers)
[GIN-debug] GET    /api/skills/:name         --> github.com/pedronauck/agh/internal/api/core.(*BaseHandlers).GetSkill-fm (5 handlers)
[GIN-debug] GET    /api/skills/:name/content --> github.com/pedronauck/agh/internal/api/core.(*BaseHandlers).GetSkillContent-fm (5 handlers)
[GIN-debug] POST   /api/skills/:name/enable  --> github.com/pedronauck/agh/internal/api/core.(*BaseHandlers).EnableSkill-fm (5 handlers)
[GIN-debug] POST   /api/skills/:name/disable --> github.com/pedronauck/agh/internal/api/core.(*BaseHandlers).DisableSkill-fm (5 handlers)
[GIN-debug] GET    /api/memory               --> github.com/pedronauck/agh/internal/api/core.(*BaseHandlers).ListMemory-fm (5 handlers)
[GIN-debug] GET    /api/memory/:filename     --> github.com/pedronauck/agh/internal/api/core.(*BaseHandlers).ReadMemory-fm (5 handlers)
[GIN-debug] PUT    /api/memory/:filename     --> github.com/pedronauck/agh/internal/api/core.(*BaseHandlers).WriteMemory-fm (5 handlers)
[GIN-debug] DELETE /api/memory/:filename     --> github.com/pedronauck/agh/internal/api/core.(*BaseHandlers).DeleteMemory-fm (5 handlers)
[GIN-debug] POST   /api/memory/consolidate   --> github.com/pedronauck/agh/internal/api/core.(*BaseHandlers).ConsolidateMemory-fm (5 handlers)
[GIN-debug] GET    /api/daemon/status        --> github.com/pedronauck/agh/internal/api/core.(*BaseHandlers).DaemonStatus-fm (5 handlers)
[GIN-debug] GET    /api/network/status       --> github.com/pedronauck/agh/internal/api/core.(*BaseHandlers).NetworkStatus-fm (5 handlers)
[GIN-debug] GET    /api/network/peers        --> github.com/pedronauck/agh/internal/api/core.(*BaseHandlers).NetworkPeers-fm (5 handlers)
[GIN-debug] GET    /api/network/peers/:peer_id --> github.com/pedronauck/agh/internal/api/core.(*BaseHandlers).NetworkPeer-fm (5 handlers)
[GIN-debug] GET    /api/network/channels     --> github.com/pedronauck/agh/internal/api/core.(*BaseHandlers).NetworkChannels-fm (5 handlers)
[GIN-debug] POST   /api/network/channels     --> github.com/pedronauck/agh/internal/api/core.(*BaseHandlers).CreateNetworkChannel-fm (5 handlers)
[GIN-debug] GET    /api/network/channels/:channel --> github.com/pedronauck/agh/internal/api/core.(*BaseHandlers).NetworkChannel-fm (5 handlers)
[GIN-debug] GET    /api/network/channels/:channel/messages --> github.com/pedronauck/agh/internal/api/core.(*BaseHandlers).NetworkChannelMessages-fm (5 handlers)
[GIN-debug] POST   /api/network/send         --> github.com/pedronauck/agh/internal/api/core.(*BaseHandlers).NetworkSend-fm (5 handlers)
[GIN-debug] GET    /api/network/inbox        --> github.com/pedronauck/agh/internal/api/core.(*BaseHandlers).NetworkInbox-fm (5 handlers)
[GIN-debug] GET    /api/bundles/catalog      --> github.com/pedronauck/agh/internal/api/core.(*BaseHandlers).ListBundleCatalog-fm (5 handlers)
[GIN-debug] POST   /api/bundles/preview      --> github.com/pedronauck/agh/internal/api/core.(*BaseHandlers).PreviewBundleActivation-fm (5 handlers)
[GIN-debug] GET    /api/bundles/activations  --> github.com/pedronauck/agh/internal/api/core.(*BaseHandlers).ListBundleActivations-fm (5 handlers)
[GIN-debug] POST   /api/bundles/activations  --> github.com/pedronauck/agh/internal/api/core.(*BaseHandlers).ActivateBundle-fm (5 handlers)
[GIN-debug] GET    /api/bundles/activations/:id --> github.com/pedronauck/agh/internal/api/core.(*BaseHandlers).GetBundleActivation-fm (5 handlers)
[GIN-debug] PATCH  /api/bundles/activations/:id --> github.com/pedronauck/agh/internal/api/core.(*BaseHandlers).UpdateBundleActivation-fm (5 handlers)
[GIN-debug] DELETE /api/bundles/activations/:id --> github.com/pedronauck/agh/internal/api/core.(*BaseHandlers).DeleteBundleActivation-fm (5 handlers)
[GIN-debug] GET    /api/bundles/network/settings --> github.com/pedronauck/agh/internal/api/core.(*BaseHandlers).BundleNetworkSettings-fm (5 handlers)
[GIN-debug] POST   /api/webhooks/global/:endpoint --> github.com/pedronauck/agh/internal/api/core.(*BaseHandlers).DeliverGlobalWebhook-fm (5 handlers)
[GIN-debug] POST   /api/webhooks/workspaces/:workspace_id/:endpoint --> github.com/pedronauck/agh/internal/api/core.(*BaseHandlers).DeliverWorkspaceWebhook-fm (5 handlers)
{"time":"2026-04-16T11:22:44.121412-03:00","level":"INFO","msg":"automation.scheduler.shutdown","component":"automation","shutdown_duration_ms":0}
{"time":"2026-04-16T11:22:44.121412-03:00","level":"INFO","msg":"automation.scheduler.shutdown","component":"automation","shutdown_duration_ms":0}
{"time":"2026-04-16T11:22:44.121434-03:00","level":"INFO","msg":"automation.manager.shutdown","component":"automation"}
{"time":"2026-04-16T11:22:44.121434-03:00","level":"INFO","msg":"automation.manager.shutdown","component":"automation"}
error: daemon: start http server: httpapi: listen on "localhost:2123": listen tcp 127.0.0.1:2123: bind: address already in use
2026/04/16 11:23:43 INFO skills: watcher started roots="[/Users/pedronauck/.agents/skills /Users/pedronauck/Dev/compozy/_worktrees/ext-refac/.compozy/tasks/ext-parity/qa/runtime-home-manual/skills]" interval=3s
{"time":"2026-04-16T11:23:43.213315-03:00","level":"INFO","msg":"automation.managed.resource_sync","component":"automation","source":"config","jobs_synced":0,"triggers_synced":0,"jobs_removed":0,"triggers_removed":0}
{"time":"2026-04-16T11:23:43.213315-03:00","level":"INFO","msg":"automation.managed.resource_sync","component":"automation","source":"config","jobs_synced":0,"triggers_synced":0,"jobs_removed":0,"triggers_removed":0}
{"time":"2026-04-16T11:23:43.215839-03:00","level":"INFO","msg":"automation.scheduler.started","component":"automation","jobs_loaded":0}
{"time":"2026-04-16T11:23:43.215839-03:00","level":"INFO","msg":"automation.scheduler.started","component":"automation","jobs_loaded":0}
{"time":"2026-04-16T11:23:43.215855-03:00","level":"INFO","msg":"automation.manager.started","component":"automation","jobs_synced":0,"triggers_synced":0,"jobs_removed":0,"triggers_removed":0,"jobs_loaded":0,"triggers_loaded":0}
{"time":"2026-04-16T11:23:43.215855-03:00","level":"INFO","msg":"automation.manager.started","component":"automation","jobs_synced":0,"triggers_synced":0,"jobs_removed":0,"triggers_removed":0,"jobs_loaded":0,"triggers_loaded":0}
2026/04/16 11:23:43 WARN skills: unknown frontmatter field field=allowed-tools
2026/04/16 11:23:43 WARN skills: unknown frontmatter field field=argument-hint
2026/04/16 11:23:43 WARN skills: unknown frontmatter field field=user-invocable
[GIN-debug] [WARNING] Running in "debug" mode. Switch to "release" mode in production.
 - using env:	export GIN_MODE=release
 - using code:	gin.SetMode(gin.ReleaseMode)

{"time":"2026-04-16T11:23:43.243899-03:00","level":"WARN","msg":"api: stream shutdown bridge not provided; streaming handlers will rely on caller context until a transport installs one"}
{"time":"2026-04-16T11:23:43.243899-03:00","level":"WARN","msg":"api: stream shutdown bridge not provided; streaming handlers will rely on caller context until a transport installs one"}
[GIN-debug] GET    /api/bridges              --> github.com/pedronauck/agh/internal/api/core.(*BaseHandlers).ListBridges-fm (5 handlers)
[GIN-debug] POST   /api/bridges              --> github.com/pedronauck/agh/internal/api/core.(*BaseHandlers).CreateBridge-fm (5 handlers)
[GIN-debug] GET    /api/bridges/providers    --> github.com/pedronauck/agh/internal/api/core.(*BaseHandlers).ListBridgeProviders-fm (5 handlers)
[GIN-debug] GET    /api/bridges/health/stream --> github.com/pedronauck/agh/internal/api/core.(*BaseHandlers).StreamBridgeHealth-fm (5 handlers)
[GIN-debug] GET    /api/bridges/:id          --> github.com/pedronauck/agh/internal/api/core.(*BaseHandlers).GetBridge-fm (5 handlers)
[GIN-debug] PATCH  /api/bridges/:id          --> github.com/pedronauck/agh/internal/api/core.(*BaseHandlers).UpdateBridge-fm (5 handlers)
[GIN-debug] POST   /api/bridges/:id/enable   --> github.com/pedronauck/agh/internal/api/core.(*BaseHandlers).EnableBridge-fm (5 handlers)
[GIN-debug] POST   /api/bridges/:id/disable  --> github.com/pedronauck/agh/internal/api/core.(*BaseHandlers).DisableBridge-fm (5 handlers)
[GIN-debug] POST   /api/bridges/:id/restart  --> github.com/pedronauck/agh/internal/api/core.(*BaseHandlers).RestartBridge-fm (5 handlers)
[GIN-debug] GET    /api/bridges/:id/routes   --> github.com/pedronauck/agh/internal/api/core.(*BaseHandlers).ListBridgeRoutes-fm (5 handlers)
[GIN-debug] GET    /api/bridges/:id/secret-bindings --> github.com/pedronauck/agh/internal/api/core.(*BaseHandlers).ListBridgeSecretBindings-fm (5 handlers)
[GIN-debug] PUT    /api/bridges/:id/secret-bindings/:binding_name --> github.com/pedronauck/agh/internal/api/core.(*BaseHandlers).PutBridgeSecretBinding-fm (5 handlers)
[GIN-debug] DELETE /api/bridges/:id/secret-bindings/:binding_name --> github.com/pedronauck/agh/internal/api/core.(*BaseHandlers).DeleteBridgeSecretBinding-fm (5 handlers)
[GIN-debug] POST   /api/bridges/:id/test-delivery --> github.com/pedronauck/agh/internal/api/core.(*BaseHandlers).TestBridgeDelivery-fm (5 handlers)
[GIN-debug] POST   /api/workspaces           --> github.com/pedronauck/agh/internal/api/core.(*BaseHandlers).CreateWorkspace-fm (5 handlers)
[GIN-debug] GET    /api/workspaces           --> github.com/pedronauck/agh/internal/api/core.(*BaseHandlers).ListWorkspaces-fm (5 handlers)
[GIN-debug] GET    /api/workspaces/:id       --> github.com/pedronauck/agh/internal/api/core.(*BaseHandlers).GetWorkspace-fm (5 handlers)
[GIN-debug] PATCH  /api/workspaces/:id       --> github.com/pedronauck/agh/internal/api/core.(*BaseHandlers).UpdateWorkspace-fm (5 handlers)
[GIN-debug] DELETE /api/workspaces/:id       --> github.com/pedronauck/agh/internal/api/core.(*BaseHandlers).DeleteWorkspace-fm (5 handlers)
[GIN-debug] POST   /api/workspaces/resolve   --> github.com/pedronauck/agh/internal/api/core.(*BaseHandlers).ResolveWorkspace-fm (5 handlers)
[GIN-debug] GET    /api/sessions             --> github.com/pedronauck/agh/internal/api/core.(*BaseHandlers).ListSessions-fm (5 handlers)
[GIN-debug] POST   /api/sessions             --> github.com/pedronauck/agh/internal/api/core.(*BaseHandlers).CreateSession-fm (5 handlers)
[GIN-debug] GET    /api/sessions/:id         --> github.com/pedronauck/agh/internal/api/core.(*BaseHandlers).GetSession-fm (5 handlers)
[GIN-debug] DELETE /api/sessions/:id         --> github.com/pedronauck/agh/internal/api/core.(*BaseHandlers).StopSession-fm (5 handlers)
[GIN-debug] POST   /api/sessions/:id/resume  --> github.com/pedronauck/agh/internal/api/core.(*BaseHandlers).ResumeSession-fm (5 handlers)
[GIN-debug] POST   /api/sessions/:id/prompt  --> github.com/pedronauck/agh/internal/api/httpapi.(*Handlers).promptSession-fm (5 handlers)
[GIN-debug] GET    /api/sessions/:id/events  --> github.com/pedronauck/agh/internal/api/core.(*BaseHandlers).SessionEvents-fm (5 handlers)
[GIN-debug] GET    /api/sessions/:id/history --> github.com/pedronauck/agh/internal/api/core.(*BaseHandlers).SessionHistory-fm (5 handlers)
[GIN-debug] GET    /api/sessions/:id/transcript --> github.com/pedronauck/agh/internal/api/core.(*BaseHandlers).SessionTranscript-fm (5 handlers)
[GIN-debug] GET    /api/sessions/:id/stream  --> github.com/pedronauck/agh/internal/api/core.(*BaseHandlers).StreamSession-fm (5 handlers)
[GIN-debug] POST   /api/sessions/:id/approve --> github.com/pedronauck/agh/internal/api/httpapi.(*Handlers).approveSession-fm (5 handlers)
[GIN-debug] GET    /api/agents               --> github.com/pedronauck/agh/internal/api/core.(*BaseHandlers).ListAgents-fm (5 handlers)
[GIN-debug] GET    /api/agents/:name         --> github.com/pedronauck/agh/internal/api/core.(*BaseHandlers).GetAgent-fm (5 handlers)
[GIN-debug] GET    /api/observe/events       --> github.com/pedronauck/agh/internal/api/core.(*BaseHandlers).ObserveEvents-fm (5 handlers)
[GIN-debug] GET    /api/observe/events/stream --> github.com/pedronauck/agh/internal/api/core.(*BaseHandlers).StreamObserveEvents-fm (5 handlers)
[GIN-debug] GET    /api/observe/health       --> github.com/pedronauck/agh/internal/api/core.(*BaseHandlers).Health-fm (5 handlers)
[GIN-debug] GET    /api/hooks/catalog        --> github.com/pedronauck/agh/internal/api/core.(*BaseHandlers).HookCatalog-fm (5 handlers)
[GIN-debug] GET    /api/hooks/runs           --> github.com/pedronauck/agh/internal/api/core.(*BaseHandlers).HookRuns-fm (5 handlers)
[GIN-debug] GET    /api/hooks/events         --> github.com/pedronauck/agh/internal/api/core.(*BaseHandlers).HookEvents-fm (5 handlers)
[GIN-debug] GET    /api/automation/jobs      --> github.com/pedronauck/agh/internal/api/core.(*BaseHandlers).ListAutomationJobs-fm (5 handlers)
[GIN-debug] POST   /api/automation/jobs      --> github.com/pedronauck/agh/internal/api/core.(*BaseHandlers).CreateAutomationJob-fm (5 handlers)
[GIN-debug] GET    /api/automation/jobs/:id  --> github.com/pedronauck/agh/internal/api/core.(*BaseHandlers).GetAutomationJob-fm (5 handlers)
[GIN-debug] PATCH  /api/automation/jobs/:id  --> github.com/pedronauck/agh/internal/api/core.(*BaseHandlers).UpdateAutomationJob-fm (5 handlers)
[GIN-debug] DELETE /api/automation/jobs/:id  --> github.com/pedronauck/agh/internal/api/core.(*BaseHandlers).DeleteAutomationJob-fm (5 handlers)
[GIN-debug] POST   /api/automation/jobs/:id/trigger --> github.com/pedronauck/agh/internal/api/core.(*BaseHandlers).TriggerAutomationJob-fm (5 handlers)
[GIN-debug] GET    /api/automation/jobs/:id/runs --> github.com/pedronauck/agh/internal/api/core.(*BaseHandlers).AutomationJobRuns-fm (5 handlers)
[GIN-debug] GET    /api/automation/triggers  --> github.com/pedronauck/agh/internal/api/core.(*BaseHandlers).ListAutomationTriggers-fm (5 handlers)
[GIN-debug] POST   /api/automation/triggers  --> github.com/pedronauck/agh/internal/api/core.(*BaseHandlers).CreateAutomationTrigger-fm (5 handlers)
[GIN-debug] GET    /api/automation/triggers/:id --> github.com/pedronauck/agh/internal/api/core.(*BaseHandlers).GetAutomationTrigger-fm (5 handlers)
[GIN-debug] PATCH  /api/automation/triggers/:id --> github.com/pedronauck/agh/internal/api/core.(*BaseHandlers).UpdateAutomationTrigger-fm (5 handlers)
[GIN-debug] DELETE /api/automation/triggers/:id --> github.com/pedronauck/agh/internal/api/core.(*BaseHandlers).DeleteAutomationTrigger-fm (5 handlers)
[GIN-debug] GET    /api/automation/triggers/:id/runs --> github.com/pedronauck/agh/internal/api/core.(*BaseHandlers).AutomationTriggerRuns-fm (5 handlers)
[GIN-debug] GET    /api/automation/runs      --> github.com/pedronauck/agh/internal/api/core.(*BaseHandlers).ListAutomationRuns-fm (5 handlers)
[GIN-debug] GET    /api/automation/runs/:id  --> github.com/pedronauck/agh/internal/api/core.(*BaseHandlers).GetAutomationRun-fm (5 handlers)
[GIN-debug] POST   /api/tasks                --> github.com/pedronauck/agh/internal/api/core.(*BaseHandlers).CreateTask-fm (5 handlers)
[GIN-debug] GET    /api/tasks                --> github.com/pedronauck/agh/internal/api/core.(*BaseHandlers).ListTasks-fm (5 handlers)
[GIN-debug] GET    /api/tasks/:id            --> github.com/pedronauck/agh/internal/api/core.(*BaseHandlers).GetTask-fm (5 handlers)
[GIN-debug] PATCH  /api/tasks/:id            --> github.com/pedronauck/agh/internal/api/core.(*BaseHandlers).UpdateTask-fm (5 handlers)
[GIN-debug] POST   /api/tasks/:id/cancel     --> github.com/pedronauck/agh/internal/api/core.(*BaseHandlers).CancelTask-fm (5 handlers)
[GIN-debug] POST   /api/tasks/:id/children   --> github.com/pedronauck/agh/internal/api/core.(*BaseHandlers).CreateChildTask-fm (5 handlers)
[GIN-debug] POST   /api/tasks/:id/dependencies --> github.com/pedronauck/agh/internal/api/core.(*BaseHandlers).AddTaskDependency-fm (5 handlers)
[GIN-debug] DELETE /api/tasks/:id/dependencies/:depends_on_id --> github.com/pedronauck/agh/internal/api/core.(*BaseHandlers).RemoveTaskDependency-fm (5 handlers)
[GIN-debug] POST   /api/tasks/:id/runs       --> github.com/pedronauck/agh/internal/api/core.(*BaseHandlers).EnqueueTaskRun-fm (5 handlers)
[GIN-debug] GET    /api/tasks/:id/runs       --> github.com/pedronauck/agh/internal/api/core.(*BaseHandlers).ListTaskRuns-fm (5 handlers)
[GIN-debug] POST   /api/task-runs/:id/claim  --> github.com/pedronauck/agh/internal/api/core.(*BaseHandlers).ClaimTaskRun-fm (5 handlers)
[GIN-debug] POST   /api/task-runs/:id/start  --> github.com/pedronauck/agh/internal/api/core.(*BaseHandlers).StartTaskRun-fm (5 handlers)
[GIN-debug] POST   /api/task-runs/:id/attach-session --> github.com/pedronauck/agh/internal/api/core.(*BaseHandlers).AttachTaskRunSession-fm (5 handlers)
[GIN-debug] POST   /api/task-runs/:id/complete --> github.com/pedronauck/agh/internal/api/core.(*BaseHandlers).CompleteTaskRun-fm (5 handlers)
[GIN-debug] POST   /api/task-runs/:id/fail   --> github.com/pedronauck/agh/internal/api/core.(*BaseHandlers).FailTaskRun-fm (5 handlers)
[GIN-debug] POST   /api/task-runs/:id/cancel --> github.com/pedronauck/agh/internal/api/core.(*BaseHandlers).CancelTaskRun-fm (5 handlers)
[GIN-debug] GET    /api/skills               --> github.com/pedronauck/agh/internal/api/core.(*BaseHandlers).ListSkills-fm (5 handlers)
[GIN-debug] GET    /api/skills/:name         --> github.com/pedronauck/agh/internal/api/core.(*BaseHandlers).GetSkill-fm (5 handlers)
[GIN-debug] GET    /api/skills/:name/content --> github.com/pedronauck/agh/internal/api/core.(*BaseHandlers).GetSkillContent-fm (5 handlers)
[GIN-debug] POST   /api/skills/:name/enable  --> github.com/pedronauck/agh/internal/api/core.(*BaseHandlers).EnableSkill-fm (5 handlers)
[GIN-debug] POST   /api/skills/:name/disable --> github.com/pedronauck/agh/internal/api/core.(*BaseHandlers).DisableSkill-fm (5 handlers)
[GIN-debug] GET    /api/memory               --> github.com/pedronauck/agh/internal/api/core.(*BaseHandlers).ListMemory-fm (5 handlers)
[GIN-debug] GET    /api/memory/:filename     --> github.com/pedronauck/agh/internal/api/core.(*BaseHandlers).ReadMemory-fm (5 handlers)
[GIN-debug] PUT    /api/memory/:filename     --> github.com/pedronauck/agh/internal/api/core.(*BaseHandlers).WriteMemory-fm (5 handlers)
[GIN-debug] DELETE /api/memory/:filename     --> github.com/pedronauck/agh/internal/api/core.(*BaseHandlers).DeleteMemory-fm (5 handlers)
[GIN-debug] POST   /api/memory/consolidate   --> github.com/pedronauck/agh/internal/api/core.(*BaseHandlers).ConsolidateMemory-fm (5 handlers)
[GIN-debug] GET    /api/daemon/status        --> github.com/pedronauck/agh/internal/api/core.(*BaseHandlers).DaemonStatus-fm (5 handlers)
[GIN-debug] GET    /api/network/status       --> github.com/pedronauck/agh/internal/api/core.(*BaseHandlers).NetworkStatus-fm (5 handlers)
[GIN-debug] GET    /api/network/peers        --> github.com/pedronauck/agh/internal/api/core.(*BaseHandlers).NetworkPeers-fm (5 handlers)
[GIN-debug] GET    /api/network/peers/:peer_id --> github.com/pedronauck/agh/internal/api/core.(*BaseHandlers).NetworkPeer-fm (5 handlers)
[GIN-debug] GET    /api/network/channels     --> github.com/pedronauck/agh/internal/api/core.(*BaseHandlers).NetworkChannels-fm (5 handlers)
[GIN-debug] POST   /api/network/channels     --> github.com/pedronauck/agh/internal/api/core.(*BaseHandlers).CreateNetworkChannel-fm (5 handlers)
[GIN-debug] GET    /api/network/channels/:channel --> github.com/pedronauck/agh/internal/api/core.(*BaseHandlers).NetworkChannel-fm (5 handlers)
[GIN-debug] GET    /api/network/channels/:channel/messages --> github.com/pedronauck/agh/internal/api/core.(*BaseHandlers).NetworkChannelMessages-fm (5 handlers)
[GIN-debug] POST   /api/network/send         --> github.com/pedronauck/agh/internal/api/core.(*BaseHandlers).NetworkSend-fm (5 handlers)
[GIN-debug] GET    /api/network/inbox        --> github.com/pedronauck/agh/internal/api/core.(*BaseHandlers).NetworkInbox-fm (5 handlers)
[GIN-debug] GET    /api/bundles/catalog      --> github.com/pedronauck/agh/internal/api/core.(*BaseHandlers).ListBundleCatalog-fm (5 handlers)
[GIN-debug] POST   /api/bundles/preview      --> github.com/pedronauck/agh/internal/api/core.(*BaseHandlers).PreviewBundleActivation-fm (5 handlers)
[GIN-debug] GET    /api/bundles/activations  --> github.com/pedronauck/agh/internal/api/core.(*BaseHandlers).ListBundleActivations-fm (5 handlers)
[GIN-debug] POST   /api/bundles/activations  --> github.com/pedronauck/agh/internal/api/core.(*BaseHandlers).ActivateBundle-fm (5 handlers)
[GIN-debug] GET    /api/bundles/activations/:id --> github.com/pedronauck/agh/internal/api/core.(*BaseHandlers).GetBundleActivation-fm (5 handlers)
[GIN-debug] PATCH  /api/bundles/activations/:id --> github.com/pedronauck/agh/internal/api/core.(*BaseHandlers).UpdateBundleActivation-fm (5 handlers)
[GIN-debug] DELETE /api/bundles/activations/:id --> github.com/pedronauck/agh/internal/api/core.(*BaseHandlers).DeleteBundleActivation-fm (5 handlers)
[GIN-debug] GET    /api/bundles/network/settings --> github.com/pedronauck/agh/internal/api/core.(*BaseHandlers).BundleNetworkSettings-fm (5 handlers)
[GIN-debug] POST   /api/webhooks/global/:endpoint --> github.com/pedronauck/agh/internal/api/core.(*BaseHandlers).DeliverGlobalWebhook-fm (5 handlers)
[GIN-debug] POST   /api/webhooks/workspaces/:workspace_id/:endpoint --> github.com/pedronauck/agh/internal/api/core.(*BaseHandlers).DeliverWorkspaceWebhook-fm (5 handlers)
[GIN-debug] [WARNING] Running in "debug" mode. Switch to "release" mode in production.
 - using env:	export GIN_MODE=release
 - using code:	gin.SetMode(gin.ReleaseMode)

{"time":"2026-04-16T11:23:43.245941-03:00","level":"WARN","msg":"api: stream shutdown bridge not provided; streaming handlers will rely on caller context until a transport installs one"}
{"time":"2026-04-16T11:23:43.245941-03:00","level":"WARN","msg":"api: stream shutdown bridge not provided; streaming handlers will rely on caller context until a transport installs one"}
[GIN-debug] GET    /api/bridges              --> github.com/pedronauck/agh/internal/api/core.(*BaseHandlers).ListBridges-fm (2 handlers)
[GIN-debug] POST   /api/bridges              --> github.com/pedronauck/agh/internal/api/core.(*BaseHandlers).CreateBridge-fm (2 handlers)
[GIN-debug] GET    /api/bridges/providers    --> github.com/pedronauck/agh/internal/api/core.(*BaseHandlers).ListBridgeProviders-fm (2 handlers)
[GIN-debug] GET    /api/bridges/health/stream --> github.com/pedronauck/agh/internal/api/core.(*BaseHandlers).StreamBridgeHealth-fm (2 handlers)
[GIN-debug] GET    /api/bridges/:id          --> github.com/pedronauck/agh/internal/api/core.(*BaseHandlers).GetBridge-fm (2 handlers)
[GIN-debug] PATCH  /api/bridges/:id          --> github.com/pedronauck/agh/internal/api/core.(*BaseHandlers).UpdateBridge-fm (2 handlers)
[GIN-debug] POST   /api/bridges/:id/enable   --> github.com/pedronauck/agh/internal/api/core.(*BaseHandlers).EnableBridge-fm (2 handlers)
[GIN-debug] POST   /api/bridges/:id/disable  --> github.com/pedronauck/agh/internal/api/core.(*BaseHandlers).DisableBridge-fm (2 handlers)
[GIN-debug] POST   /api/bridges/:id/restart  --> github.com/pedronauck/agh/internal/api/core.(*BaseHandlers).RestartBridge-fm (2 handlers)
[GIN-debug] GET    /api/bridges/:id/routes   --> github.com/pedronauck/agh/internal/api/core.(*BaseHandlers).ListBridgeRoutes-fm (2 handlers)
[GIN-debug] GET    /api/bridges/:id/secret-bindings --> github.com/pedronauck/agh/internal/api/core.(*BaseHandlers).ListBridgeSecretBindings-fm (2 handlers)
[GIN-debug] PUT    /api/bridges/:id/secret-bindings/:binding_name --> github.com/pedronauck/agh/internal/api/core.(*BaseHandlers).PutBridgeSecretBinding-fm (2 handlers)
[GIN-debug] DELETE /api/bridges/:id/secret-bindings/:binding_name --> github.com/pedronauck/agh/internal/api/core.(*BaseHandlers).DeleteBridgeSecretBinding-fm (2 handlers)
[GIN-debug] POST   /api/bridges/:id/test-delivery --> github.com/pedronauck/agh/internal/api/core.(*BaseHandlers).TestBridgeDelivery-fm (2 handlers)
[GIN-debug] POST   /api/workspaces           --> github.com/pedronauck/agh/internal/api/core.(*BaseHandlers).CreateWorkspace-fm (2 handlers)
[GIN-debug] GET    /api/workspaces           --> github.com/pedronauck/agh/internal/api/core.(*BaseHandlers).ListWorkspaces-fm (2 handlers)
[GIN-debug] GET    /api/workspaces/:id       --> github.com/pedronauck/agh/internal/api/core.(*BaseHandlers).GetWorkspace-fm (2 handlers)
[GIN-debug] PATCH  /api/workspaces/:id       --> github.com/pedronauck/agh/internal/api/core.(*BaseHandlers).UpdateWorkspace-fm (2 handlers)
[GIN-debug] DELETE /api/workspaces/:id       --> github.com/pedronauck/agh/internal/api/core.(*BaseHandlers).DeleteWorkspace-fm (2 handlers)
[GIN-debug] POST   /api/workspaces/resolve   --> github.com/pedronauck/agh/internal/api/core.(*BaseHandlers).ResolveWorkspace-fm (2 handlers)
[GIN-debug] GET    /api/sessions             --> github.com/pedronauck/agh/internal/api/core.(*BaseHandlers).ListSessions-fm (2 handlers)
[GIN-debug] POST   /api/sessions             --> github.com/pedronauck/agh/internal/api/core.(*BaseHandlers).CreateSession-fm (2 handlers)
[GIN-debug] GET    /api/sessions/:id         --> github.com/pedronauck/agh/internal/api/core.(*BaseHandlers).GetSession-fm (2 handlers)
[GIN-debug] DELETE /api/sessions/:id         --> github.com/pedronauck/agh/internal/api/core.(*BaseHandlers).StopSession-fm (2 handlers)
[GIN-debug] POST   /api/sessions/:id/resume  --> github.com/pedronauck/agh/internal/api/core.(*BaseHandlers).ResumeSession-fm (2 handlers)
[GIN-debug] POST   /api/sessions/:id/prompt  --> github.com/pedronauck/agh/internal/api/udsapi.(*Handlers).promptSession-fm (2 handlers)
[GIN-debug] GET    /api/sessions/:id/events  --> github.com/pedronauck/agh/internal/api/core.(*BaseHandlers).SessionEvents-fm (2 handlers)
[GIN-debug] GET    /api/sessions/:id/history --> github.com/pedronauck/agh/internal/api/core.(*BaseHandlers).SessionHistory-fm (2 handlers)
[GIN-debug] GET    /api/sessions/:id/transcript --> github.com/pedronauck/agh/internal/api/core.(*BaseHandlers).SessionTranscript-fm (2 handlers)
[GIN-debug] GET    /api/sessions/:id/stream  --> github.com/pedronauck/agh/internal/api/core.(*BaseHandlers).StreamSession-fm (2 handlers)
[GIN-debug] POST   /api/sessions/:id/approve --> github.com/pedronauck/agh/internal/api/udsapi.(*Handlers).approveSession-fm (2 handlers)
[GIN-debug] GET    /api/agents               --> github.com/pedronauck/agh/internal/api/core.(*BaseHandlers).ListAgents-fm (2 handlers)
[GIN-debug] GET    /api/agents/:name         --> github.com/pedronauck/agh/internal/api/core.(*BaseHandlers).GetAgent-fm (2 handlers)
[GIN-debug] GET    /api/observe/events       --> github.com/pedronauck/agh/internal/api/core.(*BaseHandlers).ObserveEvents-fm (2 handlers)
[GIN-debug] GET    /api/observe/events/stream --> github.com/pedronauck/agh/internal/api/core.(*BaseHandlers).StreamObserveEvents-fm (2 handlers)
[GIN-debug] GET    /api/observe/health       --> github.com/pedronauck/agh/internal/api/core.(*BaseHandlers).Health-fm (2 handlers)
[GIN-debug] GET    /api/hooks/catalog        --> github.com/pedronauck/agh/internal/api/core.(*BaseHandlers).HookCatalog-fm (2 handlers)
[GIN-debug] GET    /api/hooks/runs           --> github.com/pedronauck/agh/internal/api/core.(*BaseHandlers).HookRuns-fm (2 handlers)
[GIN-debug] GET    /api/hooks/events         --> github.com/pedronauck/agh/internal/api/core.(*BaseHandlers).HookEvents-fm (2 handlers)
[GIN-debug] GET    /api/resources            --> github.com/pedronauck/agh/internal/api/core.(*BaseHandlers).ListResources-fm (2 handlers)
[GIN-debug] GET    /api/resources/:kind      --> github.com/pedronauck/agh/internal/api/core.(*BaseHandlers).ListResources-fm (2 handlers)
[GIN-debug] GET    /api/resources/:kind/:id  --> github.com/pedronauck/agh/internal/api/core.(*BaseHandlers).GetResource-fm (2 handlers)
[GIN-debug] PUT    /api/resources/:kind/:id  --> github.com/pedronauck/agh/internal/api/core.(*BaseHandlers).PutResource-fm (2 handlers)
[GIN-debug] DELETE /api/resources/:kind/:id  --> github.com/pedronauck/agh/internal/api/core.(*BaseHandlers).DeleteResource-fm (2 handlers)
[GIN-debug] GET    /api/automation/jobs      --> github.com/pedronauck/agh/internal/api/core.(*BaseHandlers).ListAutomationJobs-fm (2 handlers)
[GIN-debug] POST   /api/automation/jobs      --> github.com/pedronauck/agh/internal/api/core.(*BaseHandlers).CreateAutomationJob-fm (2 handlers)
[GIN-debug] GET    /api/automation/jobs/:id  --> github.com/pedronauck/agh/internal/api/core.(*BaseHandlers).GetAutomationJob-fm (2 handlers)
[GIN-debug] PATCH  /api/automation/jobs/:id  --> github.com/pedronauck/agh/internal/api/core.(*BaseHandlers).UpdateAutomationJob-fm (2 handlers)
[GIN-debug] DELETE /api/automation/jobs/:id  --> github.com/pedronauck/agh/internal/api/core.(*BaseHandlers).DeleteAutomationJob-fm (2 handlers)
[GIN-debug] POST   /api/automation/jobs/:id/trigger --> github.com/pedronauck/agh/internal/api/core.(*BaseHandlers).TriggerAutomationJob-fm (2 handlers)
[GIN-debug] GET    /api/automation/jobs/:id/runs --> github.com/pedronauck/agh/internal/api/core.(*BaseHandlers).AutomationJobRuns-fm (2 handlers)
[GIN-debug] GET    /api/automation/triggers  --> github.com/pedronauck/agh/internal/api/core.(*BaseHandlers).ListAutomationTriggers-fm (2 handlers)
[GIN-debug] POST   /api/automation/triggers  --> github.com/pedronauck/agh/internal/api/core.(*BaseHandlers).CreateAutomationTrigger-fm (2 handlers)
[GIN-debug] GET    /api/automation/triggers/:id --> github.com/pedronauck/agh/internal/api/core.(*BaseHandlers).GetAutomationTrigger-fm (2 handlers)
[GIN-debug] PATCH  /api/automation/triggers/:id --> github.com/pedronauck/agh/internal/api/core.(*BaseHandlers).UpdateAutomationTrigger-fm (2 handlers)
[GIN-debug] DELETE /api/automation/triggers/:id --> github.com/pedronauck/agh/internal/api/core.(*BaseHandlers).DeleteAutomationTrigger-fm (2 handlers)
[GIN-debug] GET    /api/automation/triggers/:id/runs --> github.com/pedronauck/agh/internal/api/core.(*BaseHandlers).AutomationTriggerRuns-fm (2 handlers)
[GIN-debug] GET    /api/automation/runs      --> github.com/pedronauck/agh/internal/api/core.(*BaseHandlers).ListAutomationRuns-fm (2 handlers)
[GIN-debug] GET    /api/automation/runs/:id  --> github.com/pedronauck/agh/internal/api/core.(*BaseHandlers).GetAutomationRun-fm (2 handlers)
[GIN-debug] POST   /api/tasks                --> github.com/pedronauck/agh/internal/api/core.(*BaseHandlers).CreateTask-fm (2 handlers)
[GIN-debug] GET    /api/tasks                --> github.com/pedronauck/agh/internal/api/core.(*BaseHandlers).ListTasks-fm (2 handlers)
[GIN-debug] GET    /api/tasks/:id            --> github.com/pedronauck/agh/internal/api/core.(*BaseHandlers).GetTask-fm (2 handlers)
[GIN-debug] PATCH  /api/tasks/:id            --> github.com/pedronauck/agh/internal/api/core.(*BaseHandlers).UpdateTask-fm (2 handlers)
[GIN-debug] POST   /api/tasks/:id/cancel     --> github.com/pedronauck/agh/internal/api/core.(*BaseHandlers).CancelTask-fm (2 handlers)
[GIN-debug] POST   /api/tasks/:id/children   --> github.com/pedronauck/agh/internal/api/core.(*BaseHandlers).CreateChildTask-fm (2 handlers)
[GIN-debug] POST   /api/tasks/:id/dependencies --> github.com/pedronauck/agh/internal/api/core.(*BaseHandlers).AddTaskDependency-fm (2 handlers)
[GIN-debug] DELETE /api/tasks/:id/dependencies/:depends_on_id --> github.com/pedronauck/agh/internal/api/core.(*BaseHandlers).RemoveTaskDependency-fm (2 handlers)
[GIN-debug] POST   /api/tasks/:id/runs       --> github.com/pedronauck/agh/internal/api/core.(*BaseHandlers).EnqueueTaskRun-fm (2 handlers)
[GIN-debug] GET    /api/tasks/:id/runs       --> github.com/pedronauck/agh/internal/api/core.(*BaseHandlers).ListTaskRuns-fm (2 handlers)
[GIN-debug] POST   /api/task-runs/:id/claim  --> github.com/pedronauck/agh/internal/api/core.(*BaseHandlers).ClaimTaskRun-fm (2 handlers)
[GIN-debug] POST   /api/task-runs/:id/start  --> github.com/pedronauck/agh/internal/api/core.(*BaseHandlers).StartTaskRun-fm (2 handlers)
[GIN-debug] POST   /api/task-runs/:id/attach-session --> github.com/pedronauck/agh/internal/api/core.(*BaseHandlers).AttachTaskRunSession-fm (2 handlers)
[GIN-debug] POST   /api/task-runs/:id/complete --> github.com/pedronauck/agh/internal/api/core.(*BaseHandlers).CompleteTaskRun-fm (2 handlers)
[GIN-debug] POST   /api/task-runs/:id/fail   --> github.com/pedronauck/agh/internal/api/core.(*BaseHandlers).FailTaskRun-fm (2 handlers)
[GIN-debug] POST   /api/task-runs/:id/cancel --> github.com/pedronauck/agh/internal/api/core.(*BaseHandlers).CancelTaskRun-fm (2 handlers)
[GIN-debug] GET    /api/skills               --> github.com/pedronauck/agh/internal/api/core.(*BaseHandlers).ListSkills-fm (2 handlers)
[GIN-debug] GET    /api/skills/:name         --> github.com/pedronauck/agh/internal/api/core.(*BaseHandlers).GetSkill-fm (2 handlers)
[GIN-debug] GET    /api/skills/:name/content --> github.com/pedronauck/agh/internal/api/core.(*BaseHandlers).GetSkillContent-fm (2 handlers)
[GIN-debug] POST   /api/skills/:name/enable  --> github.com/pedronauck/agh/internal/api/core.(*BaseHandlers).EnableSkill-fm (2 handlers)
[GIN-debug] POST   /api/skills/:name/disable --> github.com/pedronauck/agh/internal/api/core.(*BaseHandlers).DisableSkill-fm (2 handlers)
[GIN-debug] GET    /api/memory               --> github.com/pedronauck/agh/internal/api/core.(*BaseHandlers).ListMemory-fm (2 handlers)
[GIN-debug] GET    /api/memory/:filename     --> github.com/pedronauck/agh/internal/api/core.(*BaseHandlers).ReadMemory-fm (2 handlers)
[GIN-debug] PUT    /api/memory/:filename     --> github.com/pedronauck/agh/internal/api/core.(*BaseHandlers).WriteMemory-fm (2 handlers)
[GIN-debug] DELETE /api/memory/:filename     --> github.com/pedronauck/agh/internal/api/core.(*BaseHandlers).DeleteMemory-fm (2 handlers)
[GIN-debug] POST   /api/memory/consolidate   --> github.com/pedronauck/agh/internal/api/core.(*BaseHandlers).ConsolidateMemory-fm (2 handlers)
[GIN-debug] GET    /api/daemon/status        --> github.com/pedronauck/agh/internal/api/core.(*BaseHandlers).DaemonStatus-fm (2 handlers)
[GIN-debug] GET    /api/network/status       --> github.com/pedronauck/agh/internal/api/core.(*BaseHandlers).NetworkStatus-fm (2 handlers)
[GIN-debug] GET    /api/network/peers        --> github.com/pedronauck/agh/internal/api/core.(*BaseHandlers).NetworkPeers-fm (2 handlers)
[GIN-debug] GET    /api/network/peers/:peer_id --> github.com/pedronauck/agh/internal/api/core.(*BaseHandlers).NetworkPeer-fm (2 handlers)
[GIN-debug] GET    /api/network/channels     --> github.com/pedronauck/agh/internal/api/core.(*BaseHandlers).NetworkChannels-fm (2 handlers)
[GIN-debug] POST   /api/network/channels     --> github.com/pedronauck/agh/internal/api/core.(*BaseHandlers).CreateNetworkChannel-fm (2 handlers)
[GIN-debug] GET    /api/network/channels/:channel --> github.com/pedronauck/agh/internal/api/core.(*BaseHandlers).NetworkChannel-fm (2 handlers)
[GIN-debug] GET    /api/network/channels/:channel/messages --> github.com/pedronauck/agh/internal/api/core.(*BaseHandlers).NetworkChannelMessages-fm (2 handlers)
[GIN-debug] POST   /api/network/send         --> github.com/pedronauck/agh/internal/api/core.(*BaseHandlers).NetworkSend-fm (2 handlers)
[GIN-debug] GET    /api/network/inbox        --> github.com/pedronauck/agh/internal/api/core.(*BaseHandlers).NetworkInbox-fm (2 handlers)
[GIN-debug] GET    /api/bundles/catalog      --> github.com/pedronauck/agh/internal/api/core.(*BaseHandlers).ListBundleCatalog-fm (2 handlers)
[GIN-debug] POST   /api/bundles/preview      --> github.com/pedronauck/agh/internal/api/core.(*BaseHandlers).PreviewBundleActivation-fm (2 handlers)
[GIN-debug] GET    /api/bundles/activations  --> github.com/pedronauck/agh/internal/api/core.(*BaseHandlers).ListBundleActivations-fm (2 handlers)
[GIN-debug] POST   /api/bundles/activations  --> github.com/pedronauck/agh/internal/api/core.(*BaseHandlers).ActivateBundle-fm (2 handlers)
[GIN-debug] GET    /api/bundles/activations/:id --> github.com/pedronauck/agh/internal/api/core.(*BaseHandlers).GetBundleActivation-fm (2 handlers)
[GIN-debug] PATCH  /api/bundles/activations/:id --> github.com/pedronauck/agh/internal/api/core.(*BaseHandlers).UpdateBundleActivation-fm (2 handlers)
[GIN-debug] DELETE /api/bundles/activations/:id --> github.com/pedronauck/agh/internal/api/core.(*BaseHandlers).DeleteBundleActivation-fm (2 handlers)
[GIN-debug] GET    /api/bundles/network/settings --> github.com/pedronauck/agh/internal/api/core.(*BaseHandlers).BundleNetworkSettings-fm (2 handlers)
[GIN-debug] GET    /api/extensions           --> github.com/pedronauck/agh/internal/api/udsapi.(*Handlers).ListExtensions-fm (2 handlers)
[GIN-debug] POST   /api/extensions           --> github.com/pedronauck/agh/internal/api/udsapi.(*Handlers).InstallExtension-fm (2 handlers)
[GIN-debug] GET    /api/extensions/:name     --> github.com/pedronauck/agh/internal/api/udsapi.(*Handlers).ExtensionStatus-fm (2 handlers)
[GIN-debug] POST   /api/extensions/:name/enable --> github.com/pedronauck/agh/internal/api/udsapi.(*Handlers).EnableExtension-fm (2 handlers)
[GIN-debug] POST   /api/extensions/:name/disable --> github.com/pedronauck/agh/internal/api/udsapi.(*Handlers).DisableExtension-fm (2 handlers)
{"time":"2026-04-16T11:23:43.246354-03:00","level":"INFO","msg":"automation.scheduler.shutdown","component":"automation","shutdown_duration_ms":0}
{"time":"2026-04-16T11:23:43.246354-03:00","level":"INFO","msg":"automation.scheduler.shutdown","component":"automation","shutdown_duration_ms":0}
{"time":"2026-04-16T11:23:43.246369-03:00","level":"INFO","msg":"automation.manager.shutdown","component":"automation"}
{"time":"2026-04-16T11:23:43.246369-03:00","level":"INFO","msg":"automation.manager.shutdown","component":"automation"}
error: daemon: start uds server: udsapi: listen on "/Users/pedronauck/Dev/compozy/_worktrees/ext-refac/.compozy/tasks/ext-parity/qa/runtime-home-manual/daemon.sock": listen unix /Users/pedronauck/Dev/compozy/_worktrees/ext-refac/.compozy/tasks/ext-parity/qa/runtime-home-manual/daemon.sock: bind: invalid argument
