{
  "status": "running",
  "pid": 14661,
  "started_at": "2026-05-05T17:17:46.92606Z",
  "socket": "/var/folders/7x/xg204hnd04b81fczcxvjlhzr0000gn/T/aghqa-0517b5b397c4/runtime/aghd.sock",
  "http_host": "127.0.0.1",
  "http_port": 60149,
  "user_home_dir": "/Users/pedronauck",
  "active_sessions": 4,
  "total_sessions": 4,
  "version": "1897db7e-dirty",
  "network": {
    "enabled": true,
    "status": "running",
    "configured_default_channel": "default",
    "effective_default_channel": "default",
    "effective_default_source": "config",
    "listener_host": "127.0.0.1",
    "listener_port": 62486,
    "local_peers": 4,
    "channels": 1,
    "messages_sent": 103,
    "messages_received": 301,
    "messages_delivered": 7,
    "open_threads": 1,
    "open_work_items": 1,
    "conversation_messages": 3,
    "direct_resolves": 1,
    "kind_metrics": [
      {
        "kind": "greet",
        "sent": 100,
        "received": 294
      },
      {
        "kind": "say",
        "sent": 3,
        "received": 7,
        "delivered": 7
      }
    ]
  }
}
