[
  {
    "session_id": "sess-8658903011bda794",
    "peer_id": "patch-worker.sess-8658903011bda794",
    "display_name": "patch-worker",
    "channel": "builders",
    "local": true,
    "peer_card": {
      "peer_id": "patch-worker.sess-8658903011bda794",
      "display_name": "patch-worker",
      "profiles_supported": [
        "agh-network/v0"
      ],
      "capabilities": [],
      "artifacts_supported": [
        "capability"
      ],
      "trust_modes_supported": []
    },
    "joined_at": "2026-05-05T17:31:09.282405Z"
  },
  {
    "session_id": "sess-f225672703443d05",
    "peer_id": "ops-coordinator.sess-f225672703443d05",
    "display_name": "ops-coordinator",
    "channel": "builders",
    "local": true,
    "peer_card": {
      "peer_id": "ops-coordinator.sess-f225672703443d05",
      "display_name": "ops-coordinator",
      "profiles_supported": [
        "agh-network/v0"
      ],
      "capabilities": [],
      "artifacts_supported": [
        "capability"
      ],
      "trust_modes_supported": []
    },
    "joined_at": "2026-05-05T17:31:09.166995Z"
  },
  {
    "session_id": "sess-1a43a08be3e7c019",
    "peer_id": "patch-worker.sess-1a43a08be3e7c019",
    "display_name": "patch-worker",
    "channel": "builders",
    "local": true,
    "peer_card": {
      "peer_id": "patch-worker.sess-1a43a08be3e7c019",
      "display_name": "patch-worker",
      "profiles_supported": [
        "agh-network/v0"
      ],
      "capabilities": [],
      "artifacts_supported": [
        "capability"
      ],
      "trust_modes_supported": []
    },
    "joined_at": "2026-05-05T17:19:06.822252Z"
  },
  {
    "session_id": "sess-52cf772402635963",
    "peer_id": "ops-coordinator.sess-52cf772402635963",
    "display_name": "ops-coordinator",
    "channel": "builders",
    "local": true,
    "peer_card": {
      "peer_id": "ops-coordinator.sess-52cf772402635963",
      "display_name": "ops-coordinator",
      "profiles_supported": [
        "agh-network/v0"
      ],
      "capabilities": [],
      "artifacts_supported": [
        "capability"
      ],
      "trust_modes_supported": []
    },
    "joined_at": "2026-05-05T17:19:06.699669Z"
  },
  {
    "session_id": "sess-c7e73151eb2e88a8",
    "peer_id": "patch-worker.sess-c7e73151eb2e88a8",
    "display_name": "patch-worker",
    "channel": "builders",
    "local": true,
    "peer_card": {
      "peer_id": "patch-worker.sess-c7e73151eb2e88a8",
      "display_name": "patch-worker",
      "profiles_supported": [
        "agh-network/v0"
      ],
      "capabilities": [],
      "artifacts_supported": [
        "capability"
      ],
      "trust_modes_supported": []
    },
    "joined_at": "2026-05-05T17:18:48.347726Z"
  },
  {
    "session_id": "sess-5b75aa2325a14975",
    "peer_id": "ops-coordinator.sess-5b75aa2325a14975",
    "display_name": "ops-coordinator",
    "channel": "builders",
    "local": true,
    "peer_card": {
      "peer_id": "ops-coordinator.sess-5b75aa2325a14975",
      "display_name": "ops-coordinator",
      "profiles_supported": [
        "agh-network/v0"
      ],
      "capabilities": [],
      "artifacts_supported": [
        "capability"
      ],
      "trust_modes_supported": []
    },
    "joined_at": "2026-05-05T17:18:48.258731Z"
  }
]
