{
  "status": "running",
  "pid": 14661,
  "started_at": "2026-05-05T17:17:46.92606Z",
  "socket": "/var/folders/7x/xg204hnd04b81fczcxvjlhzr0000gn/T/aghqa-0517b5b397c4/runtime/aghd.sock",
  "http_host": "127.0.0.1",
  "http_port": 60149,
  "user_home_dir": "/Users/pedronauck",
  "active_sessions": 6,
  "total_sessions": 6,
  "version": "1897db7e-dirty",
  "network": {
    "enabled": true,
    "status": "running",
    "configured_default_channel": "default",
    "effective_default_channel": "default",
    "effective_default_source": "config",
    "listener_host": "127.0.0.1",
    "listener_port": 62486,
    "local_peers": 6,
    "channels": 1,
    "messages_sent": 314,
    "messages_received": 1343,
    "messages_delivered": 20,
    "open_threads": 2,
    "open_work_items": 2,
    "conversation_messages": 8,
    "work_transitions": 1,
    "direct_resolves": 4,
    "kind_metrics": [
      {
        "kind": "greet",
        "sent": 306,
        "received": 1323
      },
      {
        "kind": "receipt",
        "sent": 1,
        "received": 1,
        "delivered": 1
      },
      {
        "kind": "say",
        "sent": 6,
        "received": 18,
        "delivered": 18
      },
      {
        "kind": "trace",
        "sent": 1,
        "received": 1,
        "delivered": 1
      }
    ]
  }
}
