{
  "messages": [
    {
      "message_id": "msg_say_qa2",
      "channel": "builders",
      "surface": "thread",
      "thread_id": "thread_builders_qa2",
      "kind": "say",
      "direction": "sent",
      "peer_from": "ops-coordinator.sess-f225672703443d05",
      "session_id": "sess-f225672703443d05",
      "trace_id": "trace_ops_patch_qa2",
      "intent": "review-request",
      "text": "Review the launch checklist.",
      "preview_text": "Review the launch checklist.",
      "body": {
        "text": "Review the launch checklist.",
        "intent": "review-request"
      },
      "timestamp": "2026-05-05T17:31:09Z"
    }
  ]
}
