=== RUN   TestReferenceExtensionsEndToEnd
    reference_integration_test.go:119: InstallExtension("sdk/examples/prompt-enhancer") error = extension: reject runtime dependency symlink "/Users/pedronauck/dev/compozy/agh/sdk/examples/prompt-enhancer/node_modules/@agh/extension-sdk": symlink target "/Users/pedronauck/dev/compozy/agh/sdk/typescript" escapes source root "/Users/pedronauck/dev/compozy/agh/sdk/examples/prompt-enhancer"
    reference_integration_test.go:333: reference daemon logs:
        time=2026-04-25T02:28:49.155-03:00 level=INFO msg=network.started listener_host=127.0.0.1 listener_port=54318 connected=true
        time=2026-04-25T02:28:49.163-03:00 level=INFO msg=automation.managed.resource_sync component=automation source=config jobs_synced=0 triggers_synced=0 jobs_removed=0 triggers_removed=0
        time=2026-04-25T02:28:49.165-03:00 level=INFO msg=automation.scheduler.started component=automation jobs_loaded=0
        time=2026-04-25T02:28:49.165-03:00 level=INFO msg=automation.manager.started component=automation jobs_synced=0 triggers_synced=0 jobs_removed=0 triggers_removed=0 jobs_loaded=0 triggers_loaded=0
        time=2026-04-25T02:28:49.178-03:00 level=WARN msg="api: stream shutdown bridge not provided; streaming handlers will rely on caller context until a transport installs one"
        time=2026-04-25T02:28:49.179-03:00 level=WARN msg="api: stream shutdown bridge not provided; streaming handlers will rely on caller context until a transport installs one"
        time=2026-04-25T02:28:49.194-03:00 level=INFO msg=automation.scheduler.started component=automation jobs_loaded=0
        time=2026-04-25T02:28:49.194-03:00 level=INFO msg=automation.scheduler.shutdown component=automation shutdown_duration_ms=0
        time=2026-04-25T02:28:49.200-03:00 level=INFO msg=hook.registry.projected version=1 resource_revision=1 hook_count=3 hook_count_delta=3 duration_ms=0
        time=2026-04-25T02:28:49.201-03:00 level=INFO msg="daemon: environment reconciliation complete" sessions=0
        time=2026-04-25T02:28:49.201-03:00 level=INFO msg="daemon: boot reconciliation complete" indexed_sessions=0 orphaned_sessions=0
        time=2026-04-25T02:28:49.252-03:00 level=INFO msg=extension.lifecycle.loaded extension=secret-guard source=user active=true skill_count=0 agent_count=0 hook_count=1
        time=2026-04-25T02:28:49.261-03:00 level=INFO msg=hook.registry.projected version=2 resource_revision=1 hook_count=4 hook_count_delta=1 duration_ms=0
--- FAIL: TestReferenceExtensionsEndToEnd (3.82s)
FAIL
FAIL	github.com/pedronauck/agh/internal/extension	3.866s
FAIL
