[0m[2m[35m$[0m [2m[1mplaywright test --grep-invert @nightly --grep "operator can inspect automation"[0m

[2mRunning [22m1[2m test using [22m1[2m worker[22m

  [31m✘[39m  [2m1 [22m[31me2e/automation.spec.ts:38:1 › operator can inspect automation, trigger a real run, and inspect the linked session transcript[39m[2m (12.1s)[22m


[31m  1) e2e/automation.spec.ts:38:1 › operator can inspect automation, trigger a real run, and inspect the linked session transcript [39m

    Error: [2mexpect([22m[31mlocator[39m[2m).[22mtoBeVisible[2m([22m[2m)[22m failed

    Locator: getByTestId('automation-job-form')
    Expected: visible
    Timeout: 5000ms
    Error: element(s) not found

    Call log:
    [2m  - Expect "toBeVisible" with timeout 5000ms[22m
    [2m  - waiting for getByTestId('automation-job-form')[22m


    [0m [90m 91 |[39m   [36mawait[39m expect(automationUI[33m.[39meditAutomationButton)[33m.[39mtoBeEnabled()[33m;[39m
     [90m 92 |[39m   [36mawait[39m automationUI[33m.[39meditAutomationButton[33m.[39mclick()[33m;[39m
    [31m[1m>[22m[39m[90m 93 |[39m   [36mawait[39m expect(automationUI[33m.[39mjobForm)[33m.[39mtoBeVisible()[33m;[39m
     [90m    |[39m                                      [31m[1m^[22m[39m
     [90m 94 |[39m   [36mawait[39m expect(automationUI[33m.[39mjobNameInput)[33m.[39mtoHaveValue(seeded[33m.[39mjob[33m.[39mname)[33m;[39m
     [90m 95 |[39m   [36mawait[39m expect(automationUI[33m.[39mjobScheduleExpr)[33m.[39mtoHaveValue(
     [90m 96 |[39m     browserAutomationOperatorFlowScenario[33m.[39mjob[33m.[39mscheduleExpr[0m
    [2m    at /Users/pedronauck/Dev/compozy/agh/web/e2e/automation.spec.ts:93:38[22m

[2m    Error Context: ../.tmp/playwright/test-results/automation-operator-can-in-d52e1-e-linked-session-transcript/error-context.md[22m

[31m  1 failed[39m
[31m    e2e/automation.spec.ts:38:1 › operator can inspect automation, trigger a real run, and inspect the linked session transcript [39m
[0m[31merror[0m[2m:[0m script [1m"test:e2e:daemon-served:raw"[0m exited with code 1[0m
