[0m[2m[35m$[0m [2m[1mbun run source:generate[0m
[0m[2m[35m$[0m [2m[1mfumadocs-mdx source.config.ts .source[0m
[MDX] generated files in 9.831875000000025ms
[0m[2m[35m$[0m [2m[1mnext build[0m
(node:533) Warning: The 'NO_COLOR' env is ignored due to the 'FORCE_COLOR' env being set.
(Use `node --trace-warnings ...` to show where the warning was created)
[MDX] generated files in 353.93016700000004ms
▲ Next.js 16.2.4 (Turbopack)

  Creating an optimized production build ...
(node:533) Warning: The 'NO_COLOR' env is ignored due to the 'FORCE_COLOR' env being set.
(Use `node --trace-warnings ...` to show where the warning was created)
(node:1093) Warning: The 'NO_COLOR' env is ignored due to the 'FORCE_COLOR' env being set.
(Use `node --trace-warnings ...` to show where the warning was created)
✓ Compiled successfully in 6.5s
  Running TypeScript ...
  Finished TypeScript in 2.8s ...
  Collecting page data using 10 workers ...
(node:1583) Warning: The 'NO_COLOR' env is ignored due to the 'FORCE_COLOR' env being set.
(Use `node --trace-warnings ...` to show where the warning was created)
(node:1588) Warning: The 'NO_COLOR' env is ignored due to the 'FORCE_COLOR' env being set.
(Use `node --trace-warnings ...` to show where the warning was created)
(node:1589) Warning: The 'NO_COLOR' env is ignored due to the 'FORCE_COLOR' env being set.
(Use `node --trace-warnings ...` to show where the warning was created)
(node:1584) Warning: The 'NO_COLOR' env is ignored due to the 'FORCE_COLOR' env being set.
(Use `node --trace-warnings ...` to show where the warning was created)
(node:1585) Warning: The 'NO_COLOR' env is ignored due to the 'FORCE_COLOR' env being set.
(Use `node --trace-warnings ...` to show where the warning was created)
(node:1590) Warning: The 'NO_COLOR' env is ignored due to the 'FORCE_COLOR' env being set.
(Use `node --trace-warnings ...` to show where the warning was created)
(node:1587) Warning: The 'NO_COLOR' env is ignored due to the 'FORCE_COLOR' env being set.
(Use `node --trace-warnings ...` to show where the warning was created)
(node:1582) Warning: The 'NO_COLOR' env is ignored due to the 'FORCE_COLOR' env being set.
(Use `node --trace-warnings ...` to show where the warning was created)
(node:1586) Warning: The 'NO_COLOR' env is ignored due to the 'FORCE_COLOR' env being set.
(Use `node --trace-warnings ...` to show where the warning was created)
  Generating static pages using 10 workers (0/254) ...
(node:1591) Warning: The 'NO_COLOR' env is ignored due to the 'FORCE_COLOR' env being set.
(Use `node --trace-warnings ...` to show where the warning was created)
  Generating static pages using 10 workers (63/254) 
  Generating static pages using 10 workers (126/254) 
  Generating static pages using 10 workers (190/254) 
✓ Generating static pages using 10 workers (254/254) in 1826ms
  Finalizing page optimization ...

Route (app)
┌ ○ /
├ ○ /_not-found
├ ○ /api/search
├ ○ /opengraph-image
├ ● /protocol/[[...slug]]
│ ├ /protocol/capability-discovery
│ ├ /protocol/conformance
│ ├ /protocol/delivery
│ └ [+14 more paths]
├ ○ /robots.txt
├ ● /runtime/[[...slug]]
│ ├ /runtime
│ ├ /runtime/api-reference
│ ├ /runtime/core
│ └ [+227 more paths]
└ ○ /sitemap.xml


○  (Static)  prerendered as static content
●  (SSG)     prerendered as static HTML (uses generateStaticParams)

