[0m[2m[35m$[0m [2m[1mbun run source:generate[0m
[0m[2m[35m$[0m [2m[1mfumadocs-mdx source.config.ts .source[0m
[MDX] generated files in 20.793042000000014ms
[0m[2m[35m$[0m [2m[1mnext build[0m
(node:20949) Warning: The 'NO_COLOR' env is ignored due to the 'FORCE_COLOR' env being set.
(Use `node --trace-warnings ...` to show where the warning was created)
[MDX] generated files in 615.295958ms
▲ Next.js 16.2.4 (Turbopack)

  Creating an optimized production build ...
(node:20949) Warning: The 'NO_COLOR' env is ignored due to the 'FORCE_COLOR' env being set.
(Use `node --trace-warnings ...` to show where the warning was created)
(node:21133) Warning: The 'NO_COLOR' env is ignored due to the 'FORCE_COLOR' env being set.
(Use `node --trace-warnings ...` to show where the warning was created)
✓ Compiled successfully in 9.9s
  Running TypeScript ...
  Finished TypeScript in 3.3s ...
  Collecting page data using 7 workers ...
(node:21469) Warning: The 'NO_COLOR' env is ignored due to the 'FORCE_COLOR' env being set.
(Use `node --trace-warnings ...` to show where the warning was created)
(node:21471) Warning: The 'NO_COLOR' env is ignored due to the 'FORCE_COLOR' env being set.
(Use `node --trace-warnings ...` to show where the warning was created)
(node:21468) Warning: The 'NO_COLOR' env is ignored due to the 'FORCE_COLOR' env being set.
(Use `node --trace-warnings ...` to show where the warning was created)
(node:21470) Warning: The 'NO_COLOR' env is ignored due to the 'FORCE_COLOR' env being set.
(Use `node --trace-warnings ...` to show where the warning was created)
(node:21473) Warning: The 'NO_COLOR' env is ignored due to the 'FORCE_COLOR' env being set.
(Use `node --trace-warnings ...` to show where the warning was created)
(node:21472) Warning: The 'NO_COLOR' env is ignored due to the 'FORCE_COLOR' env being set.
(Use `node --trace-warnings ...` to show where the warning was created)
  Generating static pages using 7 workers (0/218) ...
(node:21474) Warning: The 'NO_COLOR' env is ignored due to the 'FORCE_COLOR' env being set.
(Use `node --trace-warnings ...` to show where the warning was created)
  Generating static pages using 7 workers (54/218) 
  Generating static pages using 7 workers (108/218) 
  Generating static pages using 7 workers (163/218) 
✓ Generating static pages using 7 workers (218/218) in 1604ms
  Finalizing page optimization ...

Route (app)
┌ ○ /
├ ○ /_not-found
├ ○ /api/search
├ ● /protocol/[[...slug]]
│ ├ /protocol/capability-discovery
│ ├ /protocol/conformance
│ ├ /protocol/delivery
│ └ [+14 more paths]
└ ● /runtime/[[...slug]]
  ├ /runtime
  ├ /runtime/api-reference
  ├ /runtime/cli-reference/agh
  └ [+194 more paths]


○  (Static)  prerendered as static content
●  (SSG)     prerendered as static HTML (uses generateStaticParams)

