=== RUN   TestNewRequiresSessionManagerTaskServiceObserverAndWorkspaceResolver
=== PAUSE TestNewRequiresSessionManagerTaskServiceObserverAndWorkspaceResolver
=== CONT  TestNewRequiresSessionManagerTaskServiceObserverAndWorkspaceResolver
=== RUN   TestNewRequiresSessionManagerTaskServiceObserverAndWorkspaceResolver/Should_require_a_session_manager
=== PAUSE TestNewRequiresSessionManagerTaskServiceObserverAndWorkspaceResolver/Should_require_a_session_manager
=== RUN   TestNewRequiresSessionManagerTaskServiceObserverAndWorkspaceResolver/Should_require_a_task_service
=== PAUSE TestNewRequiresSessionManagerTaskServiceObserverAndWorkspaceResolver/Should_require_a_task_service
=== RUN   TestNewRequiresSessionManagerTaskServiceObserverAndWorkspaceResolver/Should_require_an_observer
=== PAUSE TestNewRequiresSessionManagerTaskServiceObserverAndWorkspaceResolver/Should_require_an_observer
=== RUN   TestNewRequiresSessionManagerTaskServiceObserverAndWorkspaceResolver/Should_require_a_workspace_resolver
=== PAUSE TestNewRequiresSessionManagerTaskServiceObserverAndWorkspaceResolver/Should_require_a_workspace_resolver
=== RUN   TestNewRequiresSessionManagerTaskServiceObserverAndWorkspaceResolver/Should_allow_missing_skills_registry
=== PAUSE TestNewRequiresSessionManagerTaskServiceObserverAndWorkspaceResolver/Should_allow_missing_skills_registry
=== CONT  TestNewRequiresSessionManagerTaskServiceObserverAndWorkspaceResolver/Should_require_an_observer
=== CONT  TestNewRequiresSessionManagerTaskServiceObserverAndWorkspaceResolver/Should_require_a_workspace_resolver
=== CONT  TestNewRequiresSessionManagerTaskServiceObserverAndWorkspaceResolver/Should_require_a_task_service
=== CONT  TestNewRequiresSessionManagerTaskServiceObserverAndWorkspaceResolver/Should_allow_missing_skills_registry
=== CONT  TestNewRequiresSessionManagerTaskServiceObserverAndWorkspaceResolver/Should_require_a_session_manager
=== NAME  TestNewRequiresSessionManagerTaskServiceObserverAndWorkspaceResolver/Should_allow_missing_skills_registry
    server_test.go:198: New() without skills registry error = udsapi: socket path too long: "/Users/pedronauck/dev/qa-labs/agh-tools-registry-task16-20260429-073832-489478-lab/.provider-home/.agh/daemon.sock" is 114 bytes; use 103 bytes or fewer, want nil
--- FAIL: TestNewRequiresSessionManagerTaskServiceObserverAndWorkspaceResolver (0.00s)
    --- PASS: TestNewRequiresSessionManagerTaskServiceObserverAndWorkspaceResolver/Should_require_an_observer (0.00s)
    --- PASS: TestNewRequiresSessionManagerTaskServiceObserverAndWorkspaceResolver/Should_require_a_session_manager (0.00s)
    --- PASS: TestNewRequiresSessionManagerTaskServiceObserverAndWorkspaceResolver/Should_require_a_task_service (0.00s)
    --- PASS: TestNewRequiresSessionManagerTaskServiceObserverAndWorkspaceResolver/Should_require_a_workspace_resolver (0.00s)
    --- FAIL: TestNewRequiresSessionManagerTaskServiceObserverAndWorkspaceResolver/Should_allow_missing_skills_registry (0.00s)
FAIL
FAIL	github.com/pedronauck/agh/internal/api/udsapi	0.041s
=== RUN   TestLoadUsesDotEnvForAGHHome
--- PASS: TestLoadUsesDotEnvForAGHHome (0.00s)
=== RUN   TestLoadUsesDotEnvForAGHHomeWithoutMutatingProcessEnv
--- PASS: TestLoadUsesDotEnvForAGHHomeWithoutMutatingProcessEnv (0.00s)
PASS
ok  	github.com/pedronauck/agh/internal/config	1.049s
FAIL
