✓  cmd/agh (1.073s)
✓  internal/api/contract (1.094s)
✓  extensions/bridges/discord (1.112s)
∅  internal/automation/model
✓  cmd/agh-codegen (1.195s)
✓  extensions/bridges/linear (1.195s)
✓  extensions/bridges/whatsapp (1.22s)
∅  internal/bundles/model
✓  extensions/bridges/telegram (1.228s)
∅  internal/codegen/sdkts
✓  internal/api/spec (1.242s)
✓  extensions/bridges/github (1.367s)
✓  internal/api/core (1.405s)
✓  internal/api/testutil (1.028s)
✓  internal/api/httpapi (1.543s)
✓  extensions/bridges/slack (1.803s)
✓  internal/bridges (1.082s)
✓  internal/bridgesdk (1.05s)
✓  internal/bundles (1.199s)
✓  internal/api/udsapi (1.34s)
✓  internal/environment (1.038s)
✓  extensions/bridges/teams (2.453s)
✓  internal/config (1.339s)
✓  internal/environment/local (1.03s)
✓  internal/environment/providertest (1.014s)
✓  internal/environment/daytona (1.479s)
✓  internal/extension/contract (1.048s)
✓  internal/extension/protocol (1.01s)
✓  internal/filesnap (1.014s)
✓  internal/extension/surfaces (1.033s)
∅  internal/network/rules
✓  internal/extensiontest (1.104s)
✓  internal/fileutil (1.065s)
✓  internal/frontmatter (1.014s)
✓  internal/logger (1.012s)
✓  extensions/bridges/gchat (3.94s)
✓  internal/hooks (1.579s)
✓  internal/acp (4.362s)
✓  internal/memory/consolidation (1.14s)
✓  internal/procutil (1.033s)
✓  internal/registry/clawhub (1.159s)
✓  internal/registry/github (1.117s)
✓  internal/network (1.458s)
✓  internal/registry (1.454s)
✓  internal/sse (1.026s)
✓  internal/skills/bundled (1.211s)
✓  internal/task (1.042s)
✓  internal/store (1.875s)
✓  internal/testutil (1.02s)
∅  internal/workref
✓  internal/tools (1.032s)
∅  sdk/examples/secret-guard
✓  internal/automation (5.872s)
∅  web
✓  internal/transcript (1.022s)
✓  internal/resources (3.798s)
✓  internal/version (1.035s)
✓  internal/store/sessiondb (3.304s)
✓  internal/workspace (1.701s)
✓  sdk/examples/telegram-reference (2.191s)
✓  internal/cli (8.524s)
✓  internal/subprocess (5.436s)
✓  internal/memory (9.943s)
✓  internal/skills (11.091s)
✓  internal/observe (16.775s)
✓  internal/session (19.747s)
✓  internal/daemon (22.424s)
✓  internal/extension (23.022s)
✓  internal/store/globaldb (20.498s)

DONE 4327 tests in 25.246s
