✨ openapi-typescript 7.13.0
🚀 openapi/agh.json → /var/folders/7x/xg204hnd04b81fczcxvjlhzr0000gn/T/agh-openapi-types-4172194141.d.ts [102.6ms]
Finished in 24ms on 1 files using 16 threads.
$ bun run format && bunx oxlint
$ bunx oxfmt
Finished in 415ms on 322 files using 16 threads.
Found 0 warnings and 0 errors.
Finished in 411ms on 315 files using 16 threads.
$ tsgo --noEmit
$ vitest run

 RUN  v4.1.2 /private/tmp/agh-sandbox-qa.MWRGBE/ext-refac/web


 Test Files  82 passed (82)
      Tests  676 passed (676)
   Start at  12:53:07
   Duration  5.54s (transform 5.38s, setup 4.49s, import 15.90s, tests 11.48s, environment 39.37s)

$ vite build && tsgo --noEmit
vite v8.0.3 building client environment for production...
[2Ktransforming...✓ 3285 modules transformed.
rendering chunks...
computing gzip size...
dist/index.html                                                   1.02 kB │ gzip:   0.45 kB
dist/assets/jetbrains-mono-greek-500-normal-JpySY46c.woff2        4.28 kB
dist/assets/jetbrains-mono-greek-600-normal-H7WoG9Et.woff2        4.30 kB
dist/assets/jetbrains-mono-cyrillic-500-normal-DmUKJPL_.woff2     5.35 kB
dist/assets/jetbrains-mono-cyrillic-600-normal-EVf6-Yzo.woff2     5.38 kB
dist/assets/jetbrains-mono-vietnamese-500-normal-DNRqzVM1.woff    5.47 kB
dist/assets/jetbrains-mono-vietnamese-600-normal-OWROknRo.woff    5.47 kB
dist/assets/jetbrains-mono-greek-600-normal-mc2nkWzM.woff         5.70 kB
dist/assets/jetbrains-mono-greek-500-normal-D7SFKleX.woff         5.72 kB
dist/assets/jetbrains-mono-cyrillic-600-normal-8K4wrrwR.woff      7.02 kB
dist/assets/jetbrains-mono-cyrillic-500-normal-DJqRU3vO.woff      7.02 kB
dist/assets/jetbrains-mono-latin-ext-600-normal-BfB_LPfz.woff2    7.51 kB
dist/assets/jetbrains-mono-latin-ext-500-normal-Cut-4mMH.woff2    7.52 kB
dist/assets/inter-vietnamese-wght-normal-CBcvBZtf.woff2          10.25 kB
dist/assets/jetbrains-mono-latin-ext-600-normal-DObL3zCW.woff    10.31 kB
dist/assets/jetbrains-mono-latin-ext-500-normal-ckzbgY84.woff    10.33 kB
dist/assets/inter-greek-ext-wght-normal-DlzME5K_.woff2           11.23 kB
dist/assets/inter-cyrillic-wght-normal-DqGufNeO.woff2            18.74 kB
dist/assets/inter-greek-wght-normal-CkhJZR-_.woff2               18.99 kB
dist/assets/jetbrains-mono-latin-500-normal-BWZEU5yA.woff2       21.83 kB
dist/assets/jetbrains-mono-latin-600-normal-C8RAYTDA.woff2       21.86 kB
dist/assets/inter-cyrillic-ext-wght-normal-BOeWTOD4.woff2        25.96 kB
dist/assets/jetbrains-mono-latin-600-normal-BfsvjouI.woff        28.18 kB
dist/assets/jetbrains-mono-latin-500-normal-CJOVTJB7.woff        28.20 kB
dist/assets/inter-latin-wght-normal-Dx4kXJAl.woff2               48.25 kB
dist/assets/inter-latin-ext-wght-normal-DO1Apj_S.woff2           85.06 kB
dist/assets/index-DWzBAKmr.css                                  162.93 kB │ gzip:  36.60 kB
dist/assets/separator-CT0N-lKA.js                                 0.05 kB │ gzip:   0.07 kB
dist/assets/csv-CtR-5yQW.js                                       0.14 kB │ gzip:   0.14 kB
dist/assets/plus-CCTD3fhM.js                                      0.15 kB │ gzip:   0.15 kB
dist/assets/design-system-D9vjw9n_.js                             0.16 kB │ gzip:   0.15 kB
dist/assets/terminal-Bpa1jRkT.js                                  0.16 kB │ gzip:   0.15 kB
dist/assets/power-qraCrjks.js                                     0.17 kB │ gzip:   0.16 kB
dist/assets/book-DtTvX-Jg.js                                      0.19 kB │ gzip:   0.17 kB
dist/assets/hsts-pGrRbHKF.js                                      0.20 kB │ gzip:   0.18 kB
dist/assets/t4-vb-MM-nwq2q.js                                     0.24 kB │ gzip:   0.19 kB
dist/assets/hpkp-bujGw4hL.js                                      0.24 kB │ gzip:   0.21 kB
dist/assets/external-link-RRzh0YxA.js                             0.25 kB │ gzip:   0.19 kB
dist/assets/arff-Byd5Ilpr.js                                      0.25 kB │ gzip:   0.22 kB
dist/assets/t4-cs-B6cDdRX4.js                                     0.26 kB │ gzip:   0.20 kB
dist/assets/play-CoLDsmfv.js                                      0.26 kB │ gzip:   0.21 kB
dist/assets/pencil-vY4SnMcF.js                                    0.27 kB │ gzip:   0.22 kB
dist/assets/send-horizontal-BNPtfjiQ.js                           0.28 kB │ gzip:   0.22 kB
dist/assets/gcode-BAn1C4WT.js                                     0.28 kB │ gzip:   0.24 kB
dist/assets/brainfuck-BjXm10lP.js                                 0.29 kB │ gzip:   0.20 kB
dist/assets/git-DaY5O_4D.js                                       0.29 kB │ gzip:   0.25 kB
dist/assets/wrench-Bl3EdTaW.js                                    0.30 kB │ gzip:   0.23 kB
dist/assets/cilkc-B0okpHNM.js                                     0.32 kB │ gzip:   0.23 kB
dist/assets/jsonp-nAnxmF6v.js                                     0.32 kB │ gzip:   0.24 kB
dist/assets/bot-CdVfUqo1.js                                       0.32 kB │ gzip:   0.22 kB
dist/assets/trash-2-Ckldzxf_.js                                   0.32 kB │ gzip:   0.21 kB
dist/assets/nand2tetris-hdl-CCXDQPLP.js                           0.33 kB │ gzip:   0.27 kB
dist/assets/bnf-CN8evPa7.js                                       0.36 kB │ gzip:   0.24 kB
dist/assets/yang-De3xmlzN.js                                      0.36 kB │ gzip:   0.27 kB
dist/assets/cilkcpp-BKzrEQj9.js                                   0.37 kB │ gzip:   0.25 kB
dist/assets/properties-UIIjFbgP.js                                0.37 kB │ gzip:   0.24 kB
dist/assets/racket-Dm1hTrUy.js                                    0.39 kB │ gzip:   0.27 kB
dist/assets/prolog-BlZoMsMJ.js                                    0.41 kB │ gzip:   0.31 kB
dist/assets/waypoints-CE4qIGhq.js                                 0.42 kB │ gzip:   0.24 kB
dist/assets/editorconfig-Cuo1HfBA.js                              0.42 kB │ gzip:   0.27 kB
dist/assets/xml-doc-CFjig-J7.js                                   0.42 kB │ gzip:   0.27 kB
dist/assets/false-BzOimaU2.js                                     0.43 kB │ gzip:   0.32 kB
dist/assets/ebnf-CingmOmv.js                                      0.44 kB │ gzip:   0.31 kB
dist/assets/ignore-CrLpRbkY.js                                    0.44 kB │ gzip:   0.27 kB
dist/assets/php-extras-BBoIFBoZ.js                                0.44 kB │ gzip:   0.36 kB
dist/assets/go-module-BlyHaCml.js                                 0.49 kB │ gzip:   0.31 kB
dist/assets/tap-AyjC08MD.js                                       0.49 kB │ gzip:   0.36 kB
dist/assets/matlab-BUCayoIr.js                                    0.49 kB │ gzip:   0.37 kB
dist/assets/roboconf-CFR-WSO_.js                                  0.51 kB │ gzip:   0.32 kB
dist/assets/bbcode-BVu1YJY_.js                                    0.52 kB │ gzip:   0.28 kB
dist/assets/json5-l9o_Kdx6.js                                     0.52 kB │ gzip:   0.38 kB
dist/assets/tsx-BpEWun8p.js                                       0.54 kB │ gzip:   0.35 kB
dist/assets/hoon-Jf_7Cz0x.js                                      0.55 kB │ gzip:   0.37 kB
dist/assets/etlua-DcXjXClb.js                                     0.56 kB │ gzip:   0.33 kB
dist/assets/linker-script-Bbi0F1Sv.js                             0.56 kB │ gzip:   0.38 kB
dist/assets/json-BHEPFP1U.js                                      0.58 kB │ gzip:   0.36 kB
dist/assets/gedcom-BfTswQHq.js                                    0.58 kB │ gzip:   0.28 kB
dist/assets/r-CXQX7ieX.js                                         0.58 kB │ gzip:   0.43 kB
dist/assets/gettext-nJgwVAEZ.js                                   0.59 kB │ gzip:   0.31 kB
dist/assets/jexl-CH_vrF77.js                                      0.60 kB │ gzip:   0.36 kB
dist/assets/llvm-DhRWXM7r.js                                      0.61 kB │ gzip:   0.42 kB
dist/assets/processing-BlhG9k3T.js                                0.61 kB │ gzip:   0.43 kB
dist/assets/ejs-B37S7KPw.js                                       0.64 kB │ gzip:   0.36 kB
dist/assets/rego-14UFb1xe.js                                      0.64 kB │ gzip:   0.40 kB
dist/assets/lua-CStYkVmK.js                                       0.66 kB │ gzip:   0.45 kB
dist/assets/matchContext-CpH8wsLf.js                              0.66 kB │ gzip:   0.40 kB
dist/assets/erb-DUl6a0-X.js                                       0.66 kB │ gzip:   0.39 kB
dist/assets/ini-y8mn5JCQ.js                                       0.67 kB │ gzip:   0.31 kB
dist/assets/chunk-DECur_0Z.js                                     0.68 kB │ gzip:   0.41 kB
dist/assets/bison-CCWhdAXG.js                                     0.69 kB │ gzip:   0.43 kB
dist/assets/warpscript-5BQM1ZdV.js                                0.69 kB │ gzip:   0.51 kB
dist/assets/birb-DhzuWwmh.js                                      0.69 kB │ gzip:   0.48 kB
dist/assets/n4js-B91M0cjy.js                                      0.69 kB │ gzip:   0.44 kB
dist/assets/_app-CmqFX2HO.js                                      0.70 kB │ gzip:   0.37 kB
dist/assets/t4-templating-CTf6UFAu.js                             0.70 kB │ gzip:   0.44 kB
dist/assets/smalltalk-BgJT9YSd.js                                 0.71 kB │ gzip:   0.45 kB
dist/assets/diff-CuifzJqt.js                                      0.73 kB │ gzip:   0.49 kB
dist/assets/awk-C3Mz0Ydd.js                                       0.76 kB │ gzip:   0.49 kB
dist/assets/idris-C2EhlVAz.js                                     0.76 kB │ gzip:   0.49 kB
dist/assets/nasm-B7NYncmv.js                                      0.76 kB │ gzip:   0.51 kB
dist/assets/solution-file-Bk9rZw8D.js                             0.77 kB │ gzip:   0.43 kB
dist/assets/less-BMF4Wajv.js                                      0.78 kB │ gzip:   0.44 kB
dist/assets/nginx-DD72NlOq.js                                     0.79 kB │ gzip:   0.43 kB
dist/assets/objectivec-CZIO7-zd.js                                0.79 kB │ gzip:   0.52 kB
dist/assets/systemd-DoWiz8Kb.js                                   0.79 kB │ gzip:   0.45 kB
dist/assets/agda-B6k5wGNg.js                                      0.80 kB │ gzip:   0.53 kB
dist/assets/phpdoc-RAt8Wzlg.js                                    0.81 kB │ gzip:   0.50 kB
dist/assets/ichigojam-CXvZyHGA.js                                 0.82 kB │ gzip:   0.62 kB
dist/assets/jsstacktrace-CGkLijv-.js                              0.83 kB │ gzip:   0.45 kB
dist/assets/erlang-21WVlE6I.js                                    0.83 kB │ gzip:   0.50 kB
dist/assets/rip-BvGnZV5k.js                                       0.83 kB │ gzip:   0.46 kB
dist/assets/apl-6jS8vDA6.js                                       0.83 kB │ gzip:   0.59 kB
dist/assets/clike-l-Mz-GwH.js                                     0.84 kB │ gzip:   0.54 kB
dist/assets/openqasm-BDULmHm9.js                                  0.86 kB │ gzip:   0.60 kB
dist/assets/pcaxis-D6dBHXtG.js                                    0.86 kB │ gzip:   0.44 kB
dist/assets/j-Dbnu1r3o.js                                         0.88 kB │ gzip:   0.56 kB
dist/assets/oz-DJslucpt.js                                        0.88 kB │ gzip:   0.58 kB
dist/assets/autoit-DUzOuWrF.js                                    0.89 kB │ gzip:   0.58 kB
dist/assets/firestore-security-rules-DHMh7aud.js                  0.90 kB │ gzip:   0.49 kB
dist/assets/dns-zone-file-CDY6Xk69.js                             0.90 kB │ gzip:   0.55 kB
dist/assets/parigp-DYPRhP9A.js                                    0.91 kB │ gzip:   0.55 kB
dist/assets/javadoclike-e0N23pnO.js                               0.91 kB │ gzip:   0.53 kB
dist/assets/dataweave-D2HO6BDQ.js                                 0.92 kB │ gzip:   0.56 kB
dist/assets/mel-DWhkI_PC.js                                       0.92 kB │ gzip:   0.54 kB
dist/assets/reason-Cn99XrFf.js                                    0.92 kB │ gzip:   0.60 kB
dist/assets/supercollider-3JxBwhJr.js                             0.92 kB │ gzip:   0.55 kB
dist/assets/wolfram-BE52cOhT.js                                   0.93 kB │ gzip:   0.58 kB
dist/assets/asm6502-BAyhKNjw.js                                   0.93 kB │ gzip:   0.63 kB
dist/assets/bbj-B0g1vdVc.js                                       0.93 kB │ gzip:   0.61 kB
dist/assets/monkey-DpOC_oFf.js                                    0.94 kB │ gzip:   0.64 kB
dist/assets/actionscript-hjgG6Hcw.js                              0.95 kB │ gzip:   0.58 kB
dist/assets/abnf-C-HNSWjS.js                                      0.96 kB │ gzip:   0.53 kB
dist/assets/ada-DEPVC1Il.js                                       0.97 kB │ gzip:   0.61 kB
dist/assets/turtle-CV6YYlPb.js                                    0.97 kB │ gzip:   0.54 kB
dist/assets/gdscript-CeYSX548.js                                  0.98 kB │ gzip:   0.63 kB
dist/assets/icon-DJyv2Key.js                                      0.99 kB │ gzip:   0.65 kB
dist/assets/twig-BReFeRcq.js                                      0.99 kB │ gzip:   0.60 kB
dist/assets/makefile-BeUaxhsk.js                                  1.00 kB │ gzip:   0.60 kB
dist/assets/eiffel-BjtgIWY8.js                                    1.01 kB │ gzip:   0.64 kB
dist/assets/toml-2jniJcWK.js                                      1.03 kB │ gzip:   0.55 kB
dist/assets/flow-Ct_4YQPu.js                                      1.04 kB │ gzip:   0.56 kB
dist/assets/handlebars-CCyDKD4x.js                                1.04 kB │ gzip:   0.57 kB
dist/assets/excel-formula-DrixVf4C.js                             1.06 kB │ gzip:   0.56 kB
dist/assets/sparql-CaSxdSvh.js                                    1.06 kB │ gzip:   0.72 kB
dist/assets/avro-idl-tGv4u-Go.js                                  1.06 kB │ gzip:   0.58 kB
dist/assets/keyman-DyIraWWA.js                                    1.07 kB │ gzip:   0.61 kB
dist/assets/neon-P8lBJ1KL.js                                      1.07 kB │ gzip:   0.52 kB
dist/assets/elm-DGkroiiv.js                                       1.07 kB │ gzip:   0.65 kB
dist/assets/julia-C3OuiTZm.js                                     1.07 kB │ gzip:   0.70 kB
dist/assets/gap-Ds85zTcH.js                                       1.08 kB │ gzip:   0.60 kB
dist/assets/shell-session-CuRI-fGh.js                             1.08 kB │ gzip:   0.62 kB
dist/assets/cypher-ByQyx9ea.js                                    1.10 kB │ gzip:   0.72 kB
dist/assets/latex-CNvVYsYo.js                                     1.10 kB │ gzip:   0.52 kB
dist/assets/protobuf-tB7Q4XJw.js                                  1.10 kB │ gzip:   0.58 kB
dist/assets/mizar-DhSZjqvA.js                                     1.11 kB │ gzip:   0.67 kB
dist/assets/aql-Z9YA0aHc.js                                       1.11 kB │ gzip:   0.70 kB
dist/assets/gn--QtirDjf.js                                        1.11 kB │ gzip:   0.59 kB
dist/assets/qore-RrAYK_vs.js                                      1.11 kB │ gzip:   0.69 kB
dist/assets/go-BQL8m_m-.js                                        1.13 kB │ gzip:   0.73 kB
dist/assets/brightscript-CWzIgD1M.js                              1.14 kB │ gzip:   0.63 kB
dist/assets/vhdl-D-xP7moA.js                                      1.14 kB │ gzip:   0.72 kB
dist/assets/bro-BpeqQMzc.js                                       1.17 kB │ gzip:   0.75 kB
dist/assets/solidity-l1eUQJed.js                                  1.18 kB │ gzip:   0.73 kB
dist/assets/xojo-rkdnez2q.js                                      1.18 kB │ gzip:   0.79 kB
dist/assets/magma-CRASCjet.js                                     1.19 kB │ gzip:   0.68 kB
dist/assets/sass-2CkfDvxt.js                                      1.19 kB │ gzip:   0.53 kB
dist/assets/squirrel-zXZruQOz.js                                  1.20 kB │ gzip:   0.68 kB
dist/assets/nim-C9Go2EuW.js                                       1.20 kB │ gzip:   0.72 kB
dist/assets/glsl-C9PwhmlD.js                                      1.20 kB │ gzip:   0.63 kB
dist/assets/csp-IRvC10iX.js                                       1.21 kB │ gzip:   0.64 kB
dist/assets/aspnet-B7NRjoH6.js                                    1.21 kB │ gzip:   0.60 kB
dist/assets/mata-xcZoG5qg.js                                      1.23 kB │ gzip:   0.72 kB
dist/assets/lolcode-MSrPi1AG.js                                   1.23 kB │ gzip:   0.72 kB
dist/assets/ocaml-CRi6hjQn.js                                     1.23 kB │ gzip:   0.72 kB
dist/assets/jq-By7SlYtS.js                                        1.23 kB │ gzip:   0.68 kB
dist/assets/uri-AapmxUZa.js                                       1.25 kB │ gzip:   0.57 kB
dist/assets/dot-Co9dEaU1.js                                       1.25 kB │ gzip:   0.65 kB
dist/assets/markup-templating-48OfV7Mt.js                         1.25 kB │ gzip:   0.66 kB
dist/assets/antlr4-DMC0VqZY.js                                    1.26 kB │ gzip:   0.67 kB
dist/assets/wasm-CI3OFl7u.js                                      1.27 kB │ gzip:   0.72 kB
dist/assets/wiki-g2wF8s7D.js                                      1.27 kB │ gzip:   0.67 kB
dist/assets/django-kIDfnkT3.js                                    1.27 kB │ gzip:   0.66 kB
dist/assets/latte-JO96o5zG.js                                     1.28 kB │ gzip:   0.68 kB
dist/assets/promql-C3UPLMcJ.js                                    1.29 kB │ gzip:   0.69 kB
dist/assets/css-CknZ-B9C.js                                       1.30 kB │ gzip:   0.65 kB
dist/assets/dhall-DmqmB0Kl.js                                     1.30 kB │ gzip:   0.73 kB
dist/assets/peoplecode-NFE7Ze7D.js                                1.31 kB │ gzip:   0.74 kB
dist/assets/fortran-CNp1rBeR.js                                   1.33 kB │ gzip:   0.85 kB
dist/assets/cfscript-DlWCDx9l.js                                  1.33 kB │ gzip:   0.77 kB
dist/assets/nix-ByjsY-09.js                                       1.33 kB │ gzip:   0.81 kB
dist/assets/chaiscript-CkeEWxGY.js                                1.33 kB │ gzip:   0.67 kB
dist/assets/armasm-D0nQjNSZ.js                                    1.34 kB │ gzip:   0.84 kB
dist/assets/bicep-B4rYBNP_.js                                     1.34 kB │ gzip:   0.64 kB
dist/assets/lilypond-Bi1uuFEp.js                                  1.34 kB │ gzip:   0.69 kB
dist/assets/tt2-Co6cugyl.js                                       1.35 kB │ gzip:   0.76 kB
dist/assets/velocity-CXd_wh32.js                                  1.35 kB │ gzip:   0.64 kB
dist/assets/regex-xHPWgz6V.js                                     1.36 kB │ gzip:   0.65 kB
dist/assets/iecst-DWePRrBp.js                                     1.38 kB │ gzip:   0.91 kB
dist/assets/bqn-C2FwkN0s.js                                       1.39 kB │ gzip:   0.77 kB
dist/assets/pascaligo-BJd6IWPF.js                                 1.39 kB │ gzip:   0.72 kB
dist/assets/wren-DN01siqS.js                                      1.41 kB │ gzip:   0.71 kB
dist/assets/scss-DDi0hnlf.js                                      1.42 kB │ gzip:   0.70 kB
dist/assets/crystal-BzeIUJQU.js                                   1.42 kB │ gzip:   0.83 kB
dist/assets/smali-DtlYLB46.js                                     1.42 kB │ gzip:   0.67 kB
dist/assets/hcl-B9FC6ou2.js                                       1.45 kB │ gzip:   0.64 kB
dist/assets/scala-ycidibHT.js                                     1.45 kB │ gzip:   0.79 kB
dist/assets/typoscript-CK9txh1k.js                                1.46 kB │ gzip:   0.77 kB
dist/assets/typescript-DoxU9naI.js                                1.48 kB │ gzip:   0.69 kB
dist/assets/gradle-U4F6nYWW.js                                    1.49 kB │ gzip:   0.81 kB
dist/assets/odin-CJRYZ2pL.js                                      1.51 kB │ gzip:   0.83 kB
dist/assets/parser-DtdHHsAf.js                                    1.55 kB │ gzip:   0.75 kB
dist/assets/coffeescript-DIIMDrTC.js                              1.56 kB │ gzip:   0.73 kB
dist/assets/robotframework-B70bOTdr.js                            1.57 kB │ gzip:   0.65 kB
dist/assets/tcl-XIdAYnpb.js                                       1.57 kB │ gzip:   0.89 kB
dist/assets/qml-BFc5qN1w.js                                       1.57 kB │ gzip:   0.70 kB
dist/assets/stan-BnNj5U1T.js                                      1.57 kB │ gzip:   0.88 kB
dist/assets/jolie-DhBuVNXR.js                                     1.58 kB │ gzip:   0.88 kB
dist/assets/empty-wuT0scNN.js                                     1.58 kB │ gzip:   0.62 kB
dist/assets/sml-B5RGgsCH.js                                       1.59 kB │ gzip:   0.82 kB
dist/assets/kusto-CTsQQffu.js                                     1.60 kB │ gzip:   0.95 kB
dist/assets/cue-I9h9m-hX.js                                       1.61 kB │ gzip:   0.79 kB
dist/assets/javastacktrace-Co6rn3M8.js                            1.61 kB │ gzip:   0.66 kB
dist/assets/rescript-C7nbC2YQ.js                                  1.62 kB │ gzip:   0.85 kB
dist/assets/javadoc-DMGpFgXF.js                                   1.62 kB │ gzip:   0.73 kB
dist/assets/docker-B6wZcjBJ.js                                    1.62 kB │ gzip:   0.76 kB
dist/assets/cooklang-D7ckuI-l.js                                  1.64 kB │ gzip:   0.67 kB
dist/assets/jsdoc-C3A17vD_.js                                     1.64 kB │ gzip:   0.78 kB
dist/assets/maxscript-DCjqJxD_.js                                 1.65 kB │ gzip:   0.90 kB
dist/assets/tremor-18r0TYJa.js                                    1.66 kB │ gzip:   0.88 kB
dist/assets/haxe-BMCFC1PJ.js                                      1.67 kB │ gzip:   0.86 kB
dist/assets/kumir-CMYPfA5n.js                                     1.69 kB │ gzip:   0.85 kB
dist/assets/dart-DGutQxPQ.js                                      1.70 kB │ gzip:   0.89 kB
dist/assets/groovy-BnStG68h.js                                    1.73 kB │ gzip:   0.95 kB
dist/assets/soy-D3UzYtTQ.js                                       1.73 kB │ gzip:   0.90 kB
dist/assets/batch-DY2qXbRN.js                                     1.74 kB │ gzip:   0.70 kB
dist/assets/bsl-7vFcM52i.js                                       1.74 kB │ gzip:   0.81 kB
dist/assets/hlsl-Bf24v-Vg.js                                      1.76 kB │ gzip:   0.96 kB
dist/assets/splunk-spl-9s27hEBF.js                                1.77 kB │ gzip:   0.95 kB
dist/assets/q-CklsG6nm.js                                         1.77 kB │ gzip:   1.05 kB
dist/assets/io-DojCPUrP.js                                        1.77 kB │ gzip:   1.10 kB
dist/assets/asmatmel-ASs0ZrKa.js                                  1.80 kB │ gzip:   1.07 kB
dist/assets/stata-DuV8If5y.js                                     1.83 kB │ gzip:   0.81 kB
dist/assets/vbnet-BzJc-1Rv.js                                     1.84 kB │ gzip:   1.11 kB
dist/assets/applescript-BzuW_T2e.js                               1.84 kB │ gzip:   1.01 kB
dist/assets/naniscript-CoyAEkW4.js                                1.85 kB │ gzip:   0.82 kB
dist/assets/n1ql-B7MHYJZT.js                                      1.86 kB │ gzip:   1.15 kB
dist/assets/unrealscript-BGxQKsTq.js                              1.86 kB │ gzip:   0.98 kB
dist/assets/elixir-CO4u4Rph.js                                    1.90 kB │ gzip:   0.91 kB
dist/assets/ftl-sN4Kezlf.js                                       1.94 kB │ gzip:   0.89 kB
dist/assets/http-B8XXfVXY.js                                      1.94 kB │ gzip:   0.91 kB
dist/assets/concurnas-CDODwRQb.js                                 1.95 kB │ gzip:   0.99 kB
dist/assets/basic-ByUP3Wmj.js                                     1.96 kB │ gzip:   1.24 kB
dist/assets/visual-basic-C7hJWHqc.js                              1.96 kB │ gzip:   1.13 kB
dist/assets/pascal-_10NXzz8.js                                    1.97 kB │ gzip:   1.03 kB
dist/assets/v-BDXbsQUw.js                                         1.99 kB │ gzip:   1.07 kB
dist/assets/powerquery-CTn3WOx8.js                                2.02 kB │ gzip:   1.07 kB
dist/assets/livescript-Ci1GhDM_.js                                2.02 kB │ gzip:   0.98 kB
dist/assets/xeora-Id3HJFQv.js                                     2.02 kB │ gzip:   0.66 kB
dist/assets/c-DV3wPF67.js                                         2.02 kB │ gzip:   1.07 kB
dist/assets/nevod-DiwRMSX4.js                                     2.03 kB │ gzip:   0.79 kB
dist/assets/kotlin-0JuwCer9.js                                    2.05 kB │ gzip:   1.03 kB
dist/assets/vala-DRX4ojTY.js                                      2.10 kB │ gzip:   1.06 kB
dist/assets/moonscript-YrVEbA6k.js                                2.11 kB │ gzip:   1.13 kB
dist/assets/smarty-DE6_3qlL.js                                    2.11 kB │ gzip:   0.99 kB
dist/assets/yaml-DdJwEv4i.js                                      2.11 kB │ gzip:   0.95 kB
dist/assets/qsharp-DAI1ftc_.js                                    2.11 kB │ gzip:   1.13 kB
dist/assets/icu-message-format-D5NRnhjB.js                        2.13 kB │ gzip:   0.87 kB
dist/assets/mermaid-BOBXb1YX.js                                   2.14 kB │ gzip:   0.96 kB
dist/assets/verilog-7YhvYwri.js                                   2.16 kB │ gzip:   1.14 kB
dist/assets/cil-CJRMDec6.js                                       2.17 kB │ gzip:   1.17 kB
dist/assets/web-idl-B1rIaFs9.js                                   2.19 kB │ gzip:   1.00 kB
dist/assets/liquid-D3Mrd3FC.js                                    2.21 kB │ gzip:   1.16 kB
dist/assets/powershell-kk9CzLsT.js                                2.21 kB │ gzip:   1.31 kB
dist/assets/fsharp-wXCu8UWI.js                                    2.21 kB │ gzip:   1.20 kB
dist/assets/python-NCc4cdJk.js                                    2.23 kB │ gzip:   1.19 kB
dist/assets/apex-D58akmNA.js                                      2.24 kB │ gzip:   1.23 kB
dist/assets/perl-ZmGch9ch.js                                      2.30 kB │ gzip:   1.06 kB
dist/assets/d-DbDEDs0D.js                                         2.34 kB │ gzip:   1.35 kB
dist/assets/plant-uml-DGPVQXGU.js                                 2.34 kB │ gzip:   1.20 kB
dist/assets/haml-BHroSD7H.js                                      2.34 kB │ gzip:   0.89 kB
dist/assets/zig-C8u9EkOv.js                                       2.38 kB │ gzip:   1.24 kB
dist/assets/purescript--aMwZnXF.js                                2.41 kB │ gzip:   1.29 kB
dist/assets/uorazor-3K8MWmOo.js                                   2.45 kB │ gzip:   1.25 kB
dist/assets/rust-BWFJfH5P.js                                      2.54 kB │ gzip:   1.22 kB
dist/assets/log-Dtku4Oyi.js                                       2.56 kB │ gzip:   1.20 kB
dist/assets/purebasic-DNnAEA38.js                                 2.57 kB │ gzip:   1.22 kB
dist/assets/graphql-CwyfT-Zn.js                                   2.59 kB │ gzip:   1.19 kB
dist/assets/js-extras-DHdFcrw3.js                                 2.59 kB │ gzip:   1.09 kB
dist/assets/puppet-BGWnoUvO.js                                    2.60 kB │ gzip:   1.13 kB
dist/assets/lisp-CxLXEkJB.js                                      2.64 kB │ gzip:   1.07 kB
dist/assets/jsx-CWAOBiU1.js                                       2.65 kB │ gzip:   1.11 kB
dist/assets/session._id-CHyTVzix.js                               2.66 kB │ gzip:   1.16 kB
dist/assets/al-BKkVoE6W.js                                        2.68 kB │ gzip:   1.34 kB
dist/assets/cpp-Bc07MXAs.js                                       2.71 kB │ gzip:   1.29 kB
dist/assets/js-templates-dk16Boz3.js                              2.73 kB │ gzip:   1.27 kB
dist/assets/cshtml-DGmXshoG.js                                    2.83 kB │ gzip:   1.30 kB
dist/assets/plsql-VKGJBKIg.js                                     2.84 kB │ gzip:   1.59 kB
dist/assets/java-BNb7tptx.js                                      2.88 kB │ gzip:   1.30 kB
dist/assets/markup-Ca6sY27t.js                                    2.93 kB │ gzip:   1.18 kB
dist/assets/swift-RkS-9Cwl.js                                     3.00 kB │ gzip:   1.35 kB
dist/assets/pug-BQXLUjHC.js                                       3.00 kB │ gzip:   1.10 kB
dist/assets/pill-button-DM8PFtC0.js                               3.01 kB │ gzip:   1.33 kB
dist/assets/haskell-CEG8OPfE.js                                   3.03 kB │ gzip:   1.60 kB
dist/assets/mongodb-otVAARkS.js                                   3.08 kB │ gzip:   1.62 kB
dist/assets/coq-BRGo-s37.js                                       3.10 kB │ gzip:   1.68 kB
dist/assets/clojure-DA2zOnXr.js                                   3.11 kB │ gzip:   1.55 kB
dist/assets/arturo-Bzvnwnie.js                                    3.20 kB │ gzip:   1.66 kB
dist/assets/psl-7kSTdIDx.js                                       3.24 kB │ gzip:   1.70 kB
dist/assets/css-extras-DXLCe5WO.js                                3.37 kB │ gzip:   1.57 kB
dist/assets/sql-BWC47gif.js                                       3.39 kB │ gzip:   1.97 kB
dist/assets/inform7-CvGYjGOW.js                                   3.40 kB │ gzip:   1.54 kB
dist/assets/session-B3sMn_41.js                                   3.46 kB │ gzip:   1.54 kB
dist/assets/dax-a2o_bywL.js                                       3.49 kB │ gzip:   1.70 kB
dist/assets/pure-C3HghsXe.js                                      3.51 kB │ gzip:   1.74 kB
dist/assets/wgsl-DB8ozWqB.js                                      3.51 kB │ gzip:   1.54 kB
dist/assets/textile-C6utUzGF.js                                   3.55 kB │ gzip:   1.26 kB
dist/assets/rest-DWHnkkKG.js                                      3.60 kB │ gzip:   1.12 kB
dist/assets/ruby-B9fUvpAj.js                                      3.68 kB │ gzip:   1.56 kB
dist/assets/stylus-5CU7K8gE.js                                    3.80 kB │ gzip:   1.67 kB
dist/assets/nsis-BHpJSRAK.js                                      3.83 kB │ gzip:   2.12 kB
dist/assets/arduino-D_wWaFwz.js                                   4.03 kB │ gzip:   1.99 kB
dist/assets/scheme-DTRyPcfc.js                                    4.03 kB │ gzip:   1.68 kB
dist/assets/xquery-BFioZjam.js                                    4.03 kB │ gzip:   1.75 kB
dist/assets/renpy-rj7nhCK0.js                                     4.35 kB │ gzip:   2.03 kB
dist/assets/asciidoc-8tPKVCME.js                                  4.51 kB │ gzip:   1.67 kB
dist/assets/metafont-B1OqjLAi.js                                  4.57 kB │ gzip:   2.08 kB
dist/assets/javascript-ClZ-Bnjo.js                                4.75 kB │ gzip:   1.76 kB
dist/assets/markdown-DV_QpevF.js                                  5.10 kB │ gzip:   1.97 kB
dist/assets/avisynth-nhIa8jBH.js                                  5.15 kB │ gzip:   2.71 kB
dist/assets/cobol-CioTz0nd.js                                     5.15 kB │ gzip:   2.46 kB
dist/assets/keepalived-DhA0OxEs.js                                5.74 kB │ gzip:   2.27 kB
dist/assets/bash-LHKpOC6o.js                                      6.28 kB │ gzip:   3.14 kB
dist/assets/php-D19PsazI.js                                       6.45 kB │ gzip:   2.08 kB
dist/assets/csharp-0LihhlQe.js                                    6.49 kB │ gzip:   2.57 kB
dist/assets/sas-B2uWzR0L.js                                       7.54 kB │ gzip:   3.10 kB
dist/assets/abap-DHjYcTDv.js                                      7.98 kB │ gzip:   3.61 kB
dist/assets/apacheconf-CFk-bdok.js                                8.25 kB │ gzip:   3.59 kB
dist/assets/gml-Ct_dGn5c.js                                       8.29 kB │ gzip:   3.82 kB
dist/assets/autohotkey-q_9ygUfJ.js                                8.82 kB │ gzip:   4.07 kB
dist/assets/factor-CG7od1sE.js                                    9.03 kB │ gzip:   3.52 kB
dist/assets/createLucideIcon-hzVZEwf7.js                          9.20 kB │ gzip:   3.62 kB
dist/assets/gherkin-R5VoJ-35.js                                   9.89 kB │ gzip:   5.40 kB
dist/assets/opencl-nDYaJuR_.js                                   10.02 kB │ gzip:   4.29 kB
dist/assets/cmake-CUyD8PTj.js                                    10.54 kB │ gzip:   4.15 kB
dist/assets/core-BbDu9SWH.js                                     11.88 kB │ gzip:   5.21 kB
dist/assets/vim-CwHQ_jVj.js                                      14.27 kB │ gzip:   5.96 kB
dist/assets/_app-CtULsMC2.js                                     14.28 kB │ gzip:   3.73 kB
dist/assets/knowledge-C_DkU9OH.js                                14.62 kB │ gzip:   4.12 kB
dist/assets/design-system-CmIUuTcz.js                            16.37 kB │ gzip:   4.01 kB
dist/assets/index.dom-Cp9BOYHH.js                                18.70 kB │ gzip:   6.33 kB
dist/assets/skills-Znomt6s5.js                                   20.19 kB │ gzip:   4.82 kB
dist/assets/utils-C0XhcXJZ.js                                    26.41 kB │ gzip:   8.43 kB
dist/assets/sqf-Bcwduqhz.js                                      33.49 kB │ gzip:  11.17 kB
dist/assets/network-DFkTCV0F.js                                  37.01 kB │ gzip:   8.45 kB
dist/assets/automation-CKKgbFqa.js                               58.06 kB │ gzip:  12.40 kB
dist/assets/workspace-DSeRrVCq.js                                68.65 kB │ gzip:  22.38 kB
dist/assets/bridges-9wxj1ulQ.js                                  70.87 kB │ gzip:  15.43 kB
dist/assets/preload-helper-B64LA1w8.js                           75.36 kB │ gzip:  26.53 kB
dist/assets/QueryClientProvider-DjiX4BCY.js                     101.04 kB │ gzip:  31.53 kB
dist/assets/index-DtpUWIJZ.js                                   257.06 kB │ gzip:  81.40 kB
dist/assets/permission-prompt-zwHgzfKw.js                       465.91 kB │ gzip: 125.71 kB

✓ built in 433ms
# github.com/golangci/golangci-lint/v2/cmd/golangci-lint
ld: warning: -bind_at_load is deprecated on macOS
0 issues.
✓  cmd/agh (1.105s)
✓  extensions/bridges/discord (1.103s)
✓  cmd/agh-codegen (1.201s)
∅  internal/automation/model
✓  extensions/bridges/linear (1.226s)
✓  extensions/bridges/telegram (1.227s)
✓  extensions/bridges/github (1.323s)
∅  internal/bundles/model
✓  extensions/bridges/whatsapp (1.303s)
✓  internal/api/contract (1.049s)
✓  extensions/bridges/slack (1.755s)
✓  internal/api/testutil (1.038s)
✓  internal/api/core (1.361s)
✓  internal/api/spec (1.224s)
✓  internal/bridges (1.093s)
✓  internal/bridgesdk (1.061s)
✓  extensions/bridges/teams (2.339s)
✓  internal/bundles (1.186s)
✓  internal/api/httpapi (1.643s)
✓  internal/api/udsapi (1.494s)
∅  internal/codegen/sdkts
✓  extensions/bridges/gchat (3.616s)
✓  internal/sandbox (1.02s)
✓  internal/sandbox/providertest (1.016s)
✓  internal/sandbox/local (1.043s)
✓  internal/config (1.326s)
✓  internal/extension/contract (1.061s)
✓  internal/extension/protocol (1.059s)
✓  internal/sandbox/daytona (1.425s)
∅  internal/network/rules
✓  internal/extension/surfaces (1.049s)
✓  internal/automation (3.307s)
✓  internal/filesnap (1.032s)
✓  internal/extensiontest (1.097s)
✓  internal/acp (4.388s)
✓  internal/fileutil (1.053s)
✓  internal/frontmatter (1.022s)
✓  internal/logger (1.026s)
✓  internal/memory/consolidation (1.12s)
✓  internal/procutil (1.155s)
✓  internal/hooks (1.829s)
✓  internal/network (1.658s)
✓  internal/registry (1.321s)
✓  internal/registry/github (1.2s)
✓  internal/registry/clawhub (1.305s)
✓  internal/sse (1.142s)
✓  internal/skills/bundled (1.351s)
✓  internal/store (2.067s)
✓  internal/task (1.103s)
✓  internal/testutil (1.078s)
∅  internal/workref
✓  internal/tools (1.117s)
✓  internal/transcript (1.131s)
✓  internal/resources (3.565s)
∅  sdk/examples/secret-guard
∅  web
✓  internal/store/sessiondb (3.153s)
✓  internal/version (1.137s)
✓  internal/workspace (1.668s)
✓  internal/cli (8.356s)
✓  sdk/examples/telegram-reference (2.271s)
✓  internal/memory (7.667s)
✓  internal/subprocess (5.385s)
✓  internal/skills (10.353s)
✓  internal/observe (14.424s)
✓  internal/daemon (20.65s)
✓  internal/session (18.352s)
✓  internal/extension (22.364s)
✓  internal/store/globaldb (19.746s)

DONE 4327 tests in 25.726s
OK: all package boundaries respected
