✓  cmd/agh (cached)
✓  extensions/bridges/gchat (cached)
✓  cmd/agh-codegen (cached)
✓  extensions/bridges/github (cached)
✓  extensions/bridges/linear (cached)
✓  extensions/bridges/discord (cached)
✓  extensions/bridges/slack (cached)
✓  extensions/bridges/teams (cached)
∅  internal/automation/model
∅  internal/bundles/model
∅  internal/codegen/sdkts
✓  internal/api/testutil (cached)
✓  internal/environment (cached)
✓  extensions/bridges/whatsapp (cached)
✓  internal/bundles (cached)
✓  internal/environment/local (cached)
✓  internal/api/spec (cached)
✓  internal/extension/contract (cached)
✓  internal/environment/providertest (cached)
✓  internal/extension/protocol (cached)
✓  internal/bridgesdk (cached)
✓  internal/extension/surfaces (cached)
✓  internal/acp (cached)
✓  internal/filesnap (cached)
✓  internal/extensiontest (cached)
✓  internal/environment/daytona (cached)
✓  internal/api/httpapi (cached)
✓  internal/fileutil (cached)
✓  internal/logger (cached)
∅  internal/network/rules
✓  internal/frontmatter (cached)
✓  internal/procutil (cached)
✓  internal/api/contract (cached)
✓  internal/api/udsapi (cached)
✓  internal/config (cached)
✓  internal/memory/consolidation (cached)
✓  internal/registry/clawhub (cached)
✓  internal/bridges (cached)
✓  internal/observe (cached)
✓  internal/registry/github (cached)
✓  internal/sse (cached)
✓  internal/resources (cached)
✓  internal/skills/bundled (cached)
✓  internal/store/sessiondb (cached)
✓  internal/registry (cached)
✓  internal/store (cached)
✓  internal/testutil (cached)
✓  internal/tools (cached)
✓  internal/transcript (cached)
✓  internal/version (cached)
∅  internal/workref
∅  sdk/examples/secret-guard
✓  internal/memory (cached)
∅  web
✓  sdk/examples/telegram-reference (cached)
✓  internal/subprocess (cached)
✓  internal/automation (cached)
✓  internal/daemon (cached)
✓  internal/session (cached)
✓  internal/workspace (cached)
✓  internal/network (cached)
✓  internal/store/globaldb (cached)
✓  internal/skills (cached)
✓  internal/cli (cached)
✓  internal/extension (cached)
✓  internal/task (cached)
✓  internal/hooks (cached)
✓  internal/api/core (cached)
✓  extensions/bridges/telegram (1.145s)

DONE 4327 tests in 1.477s
