✓  internal/api/contract (1.07s)
✓  cmd/agh (1.075s)
✓  extensions/bridges/discord (1.085s)
∅  internal/automation/model
✓  extensions/bridges/telegram (1.205s)
✓  extensions/bridges/linear (1.23s)
✓  cmd/agh-codegen (1.234s)
∅  internal/bundles/model
✓  extensions/bridges/whatsapp (1.301s)
∅  internal/codegen/sdkts
✓  extensions/bridges/github (1.43s)
✓  internal/api/core (1.434s)
✓  internal/api/spec (1.255s)
✓  internal/api/testutil (1.036s)
✓  internal/api/httpapi (1.569s)
✓  extensions/bridges/slack (1.835s)
✓  internal/bridges (1.078s)
✓  internal/bridgesdk (1.056s)
✓  extensions/bridges/teams (2.313s)
✓  internal/api/udsapi (1.38s)
✓  internal/sandbox (1.016s)
✓  internal/bundles (1.226s)
✓  internal/config (1.257s)
✓  internal/sandbox/local (1.033s)
✓  internal/sandbox/daytona (1.215s)
✓  internal/sandbox/providertest (1.014s)
✓  internal/extension/contract (1.028s)
✓  internal/extension/protocol (1.02s)
✓  internal/extension/surfaces (1.034s)
∅  internal/network/rules
✓  internal/filesnap (1.041s)
✓  internal/fileutil (1.073s)
✓  internal/extensiontest (1.149s)
✓  internal/frontmatter (1.01s)
✓  internal/logger (1.024s)
✓  extensions/bridges/gchat (3.733s)
✓  internal/hooks (1.624s)
✓  internal/memory/consolidation (1.096s)
✓  internal/acp (4.519s)
✓  internal/procutil (1.016s)
✓  internal/network (1.333s)
✓  internal/registry/github (1.038s)
✓  internal/registry/clawhub (1.117s)
✓  internal/registry (1.218s)
✓  internal/sse (1.031s)
✓  internal/task (1.037s)
✓  internal/skills/bundled (1.801s)
✓  internal/store (1.968s)
✓  internal/testutil (1.016s)
✓  internal/tools (1.024s)
∅  internal/workref
∅  sdk/examples/secret-guard
✓  internal/transcript (1.027s)
∅  web
✓  internal/version (1.012s)
✓  internal/store/sessiondb (3.296s)
✓  internal/resources (4.486s)
✓  internal/automation (7.342s)
✓  internal/workspace (1.938s)
✓  sdk/examples/telegram-reference (2.414s)
✓  internal/cli (8.247s)
✓  internal/subprocess (5.396s)
✓  internal/memory (9.952s)
✓  internal/skills (10.937s)
✓  internal/observe (16.796s)
✓  internal/daemon (22.268s)
✓  internal/session (20.008s)
✓  internal/extension (23.565s)
✓  internal/store/globaldb (20.993s)

DONE 4327 tests in 25.839s
