2026/04/15 12:24:59 WARN skills: unknown frontmatter field field=allowed-tools
2026/04/15 12:24:59 WARN skills: unknown frontmatter field field=argument-hint
2026/04/15 12:24:59 WARN skills: unknown frontmatter field field=user-invocable
{"time":"2026-04-15T12:24:59.197785-03:00","level":"INFO","msg":"hook.registry.reloaded","version":1,"hook_count":3,"hook_count_delta":3,"duration_ms":0}
2026/04/15 12:24:59 INFO skills: watcher started roots="[/Users/pedronauck/.agents/skills /var/folders/7x/xg204hnd04b81fczcxvjlhzr0000gn/T/agh-qa-home-14oq8c8v/skills]" interval=3s
{"time":"2026-04-15T12:24:59.198874-03:00","level":"INFO","msg":"extension.lifecycle.loaded","extension":"telegram","source":"user","active":false,"skill_count":0,"agent_count":0,"hook_count":0,"mcp_server_count":0}
{"time":"2026-04-15T12:24:59.19949-03:00","level":"INFO","msg":"automation.managed.sync","component":"automation","source":"config","jobs_synced":0,"triggers_synced":0,"jobs_removed":0,"triggers_removed":0}
{"time":"2026-04-15T12:24:59.199646-03:00","level":"INFO","msg":"automation.scheduler.started","component":"automation","jobs_loaded":0}
{"time":"2026-04-15T12:24:59.19966-03:00","level":"INFO","msg":"automation.manager.started","component":"automation","jobs_synced":0,"triggers_synced":0,"jobs_removed":0,"triggers_removed":0,"jobs_loaded":0,"triggers_loaded":0}
{"time":"2026-04-15T12:24:59.199785-03:00","level":"INFO","msg":"automation.managed.sync","component":"automation","source":"package","jobs_synced":0,"triggers_synced":0,"jobs_removed":0,"triggers_removed":0}
[GIN-debug] [WARNING] Running in "debug" mode. Switch to "release" mode in production.
 - using env:	export GIN_MODE=release
 - using code:	gin.SetMode(gin.ReleaseMode)

{"time":"2026-04-15T12:24:59.199928-03:00","level":"WARN","msg":"api: stream shutdown bridge not provided; streaming handlers will rely on caller context until a transport installs one"}
[GIN-debug] GET    /api/bridges              --> github.com/pedronauck/agh/internal/api/core.(*BaseHandlers).ListBridges-fm (5 handlers)
[GIN-debug] POST   /api/bridges              --> github.com/pedronauck/agh/internal/api/core.(*BaseHandlers).CreateBridge-fm (5 handlers)
[GIN-debug] GET    /api/bridges/providers    --> github.com/pedronauck/agh/internal/api/core.(*BaseHandlers).ListBridgeProviders-fm (5 handlers)
[GIN-debug] GET    /api/bridges/:id          --> github.com/pedronauck/agh/internal/api/core.(*BaseHandlers).GetBridge-fm (5 handlers)
[GIN-debug] PATCH  /api/bridges/:id          --> github.com/pedronauck/agh/internal/api/core.(*BaseHandlers).UpdateBridge-fm (5 handlers)
[GIN-debug] POST   /api/bridges/:id/enable   --> github.com/pedronauck/agh/internal/api/core.(*BaseHandlers).EnableBridge-fm (5 handlers)
[GIN-debug] POST   /api/bridges/:id/disable  --> github.com/pedronauck/agh/internal/api/core.(*BaseHandlers).DisableBridge-fm (5 handlers)
[GIN-debug] POST   /api/bridges/:id/restart  --> github.com/pedronauck/agh/internal/api/core.(*BaseHandlers).RestartBridge-fm (5 handlers)
[GIN-debug] GET    /api/bridges/:id/routes   --> github.com/pedronauck/agh/internal/api/core.(*BaseHandlers).ListBridgeRoutes-fm (5 handlers)
[GIN-debug] GET    /api/bridges/:id/secret-bindings --> github.com/pedronauck/agh/internal/api/core.(*BaseHandlers).ListBridgeSecretBindings-fm (5 handlers)
[GIN-debug] PUT    /api/bridges/:id/secret-bindings/:binding_name --> github.com/pedronauck/agh/internal/api/core.(*BaseHandlers).PutBridgeSecretBinding-fm (5 handlers)
[GIN-debug] DELETE /api/bridges/:id/secret-bindings/:binding_name --> github.com/pedronauck/agh/internal/api/core.(*BaseHandlers).DeleteBridgeSecretBinding-fm (5 handlers)
[GIN-debug] POST   /api/bridges/:id/test-delivery --> github.com/pedronauck/agh/internal/api/core.(*BaseHandlers).TestBridgeDelivery-fm (5 handlers)
[GIN-debug] POST   /api/workspaces           --> github.com/pedronauck/agh/internal/api/core.(*BaseHandlers).CreateWorkspace-fm (5 handlers)
[GIN-debug] GET    /api/workspaces           --> github.com/pedronauck/agh/internal/api/core.(*BaseHandlers).ListWorkspaces-fm (5 handlers)
[GIN-debug] GET    /api/workspaces/:id       --> github.com/pedronauck/agh/internal/api/core.(*BaseHandlers).GetWorkspace-fm (5 handlers)
[GIN-debug] PATCH  /api/workspaces/:id       --> github.com/pedronauck/agh/internal/api/core.(*BaseHandlers).UpdateWorkspace-fm (5 handlers)
[GIN-debug] DELETE /api/workspaces/:id       --> github.com/pedronauck/agh/internal/api/core.(*BaseHandlers).DeleteWorkspace-fm (5 handlers)
[GIN-debug] POST   /api/workspaces/resolve   --> github.com/pedronauck/agh/internal/api/core.(*BaseHandlers).ResolveWorkspace-fm (5 handlers)
[GIN-debug] GET    /api/sessions             --> github.com/pedronauck/agh/internal/api/core.(*BaseHandlers).ListSessions-fm (5 handlers)
[GIN-debug] POST   /api/sessions             --> github.com/pedronauck/agh/internal/api/core.(*BaseHandlers).CreateSession-fm (5 handlers)
[GIN-debug] GET    /api/sessions/:id         --> github.com/pedronauck/agh/internal/api/core.(*BaseHandlers).GetSession-fm (5 handlers)
[GIN-debug] DELETE /api/sessions/:id         --> github.com/pedronauck/agh/internal/api/core.(*BaseHandlers).StopSession-fm (5 handlers)
[GIN-debug] POST   /api/sessions/:id/resume  --> github.com/pedronauck/agh/internal/api/core.(*BaseHandlers).ResumeSession-fm (5 handlers)
[GIN-debug] POST   /api/sessions/:id/prompt  --> github.com/pedronauck/agh/internal/api/httpapi.(*Handlers).promptSession-fm (5 handlers)
[GIN-debug] GET    /api/sessions/:id/events  --> github.com/pedronauck/agh/internal/api/core.(*BaseHandlers).SessionEvents-fm (5 handlers)
[GIN-debug] GET    /api/sessions/:id/history --> github.com/pedronauck/agh/internal/api/core.(*BaseHandlers).SessionHistory-fm (5 handlers)
[GIN-debug] GET    /api/sessions/:id/transcript --> github.com/pedronauck/agh/internal/api/core.(*BaseHandlers).SessionTranscript-fm (5 handlers)
[GIN-debug] GET    /api/sessions/:id/stream  --> github.com/pedronauck/agh/internal/api/core.(*BaseHandlers).StreamSession-fm (5 handlers)
[GIN-debug] POST   /api/sessions/:id/approve --> github.com/pedronauck/agh/internal/api/httpapi.(*Handlers).approveSession-fm (5 handlers)
[GIN-debug] GET    /api/agents               --> github.com/pedronauck/agh/internal/api/core.(*BaseHandlers).ListAgents-fm (5 handlers)
[GIN-debug] GET    /api/agents/:name         --> github.com/pedronauck/agh/internal/api/core.(*BaseHandlers).GetAgent-fm (5 handlers)
[GIN-debug] GET    /api/observe/events       --> github.com/pedronauck/agh/internal/api/core.(*BaseHandlers).ObserveEvents-fm (5 handlers)
[GIN-debug] GET    /api/observe/events/stream --> github.com/pedronauck/agh/internal/api/core.(*BaseHandlers).StreamObserveEvents-fm (5 handlers)
[GIN-debug] GET    /api/observe/health       --> github.com/pedronauck/agh/internal/api/core.(*BaseHandlers).Health-fm (5 handlers)
[GIN-debug] GET    /api/hooks/catalog        --> github.com/pedronauck/agh/internal/api/core.(*BaseHandlers).HookCatalog-fm (5 handlers)
[GIN-debug] GET    /api/hooks/runs           --> github.com/pedronauck/agh/internal/api/core.(*BaseHandlers).HookRuns-fm (5 handlers)
[GIN-debug] GET    /api/hooks/events         --> github.com/pedronauck/agh/internal/api/core.(*BaseHandlers).HookEvents-fm (5 handlers)
[GIN-debug] GET    /api/automation/jobs      --> github.com/pedronauck/agh/internal/api/core.(*BaseHandlers).ListAutomationJobs-fm (5 handlers)
[GIN-debug] POST   /api/automation/jobs      --> github.com/pedronauck/agh/internal/api/core.(*BaseHandlers).CreateAutomationJob-fm (5 handlers)
[GIN-debug] GET    /api/automation/jobs/:id  --> github.com/pedronauck/agh/internal/api/core.(*BaseHandlers).GetAutomationJob-fm (5 handlers)
[GIN-debug] PATCH  /api/automation/jobs/:id  --> github.com/pedronauck/agh/internal/api/core.(*BaseHandlers).UpdateAutomationJob-fm (5 handlers)
[GIN-debug] DELETE /api/automation/jobs/:id  --> github.com/pedronauck/agh/internal/api/core.(*BaseHandlers).DeleteAutomationJob-fm (5 handlers)
[GIN-debug] POST   /api/automation/jobs/:id/trigger --> github.com/pedronauck/agh/internal/api/core.(*BaseHandlers).TriggerAutomationJob-fm (5 handlers)
[GIN-debug] GET    /api/automation/jobs/:id/runs --> github.com/pedronauck/agh/internal/api/core.(*BaseHandlers).AutomationJobRuns-fm (5 handlers)
[GIN-debug] GET    /api/automation/triggers  --> github.com/pedronauck/agh/internal/api/core.(*BaseHandlers).ListAutomationTriggers-fm (5 handlers)
[GIN-debug] POST   /api/automation/triggers  --> github.com/pedronauck/agh/internal/api/core.(*BaseHandlers).CreateAutomationTrigger-fm (5 handlers)
[GIN-debug] GET    /api/automation/triggers/:id --> github.com/pedronauck/agh/internal/api/core.(*BaseHandlers).GetAutomationTrigger-fm (5 handlers)
[GIN-debug] PATCH  /api/automation/triggers/:id --> github.com/pedronauck/agh/internal/api/core.(*BaseHandlers).UpdateAutomationTrigger-fm (5 handlers)
[GIN-debug] DELETE /api/automation/triggers/:id --> github.com/pedronauck/agh/internal/api/core.(*BaseHandlers).DeleteAutomationTrigger-fm (5 handlers)
[GIN-debug] GET    /api/automation/triggers/:id/runs --> github.com/pedronauck/agh/internal/api/core.(*BaseHandlers).AutomationTriggerRuns-fm (5 handlers)
[GIN-debug] GET    /api/automation/runs      --> github.com/pedronauck/agh/internal/api/core.(*BaseHandlers).ListAutomationRuns-fm (5 handlers)
[GIN-debug] GET    /api/automation/runs/:id  --> github.com/pedronauck/agh/internal/api/core.(*BaseHandlers).GetAutomationRun-fm (5 handlers)
[GIN-debug] POST   /api/tasks                --> github.com/pedronauck/agh/internal/api/core.(*BaseHandlers).CreateTask-fm (5 handlers)
[GIN-debug] GET    /api/tasks                --> github.com/pedronauck/agh/internal/api/core.(*BaseHandlers).ListTasks-fm (5 handlers)
[GIN-debug] GET    /api/tasks/:id            --> github.com/pedronauck/agh/internal/api/core.(*BaseHandlers).GetTask-fm (5 handlers)
[GIN-debug] PATCH  /api/tasks/:id            --> github.com/pedronauck/agh/internal/api/core.(*BaseHandlers).UpdateTask-fm (5 handlers)
[GIN-debug] POST   /api/tasks/:id/cancel     --> github.com/pedronauck/agh/internal/api/core.(*BaseHandlers).CancelTask-fm (5 handlers)
[GIN-debug] POST   /api/tasks/:id/children   --> github.com/pedronauck/agh/internal/api/core.(*BaseHandlers).CreateChildTask-fm (5 handlers)
[GIN-debug] POST   /api/tasks/:id/dependencies --> github.com/pedronauck/agh/internal/api/core.(*BaseHandlers).AddTaskDependency-fm (5 handlers)
[GIN-debug] DELETE /api/tasks/:id/dependencies/:depends_on_id --> github.com/pedronauck/agh/internal/api/core.(*BaseHandlers).RemoveTaskDependency-fm (5 handlers)
[GIN-debug] POST   /api/tasks/:id/runs       --> github.com/pedronauck/agh/internal/api/core.(*BaseHandlers).EnqueueTaskRun-fm (5 handlers)
[GIN-debug] GET    /api/tasks/:id/runs       --> github.com/pedronauck/agh/internal/api/core.(*BaseHandlers).ListTaskRuns-fm (5 handlers)
[GIN-debug] POST   /api/task-runs/:id/claim  --> github.com/pedronauck/agh/internal/api/core.(*BaseHandlers).ClaimTaskRun-fm (5 handlers)
[GIN-debug] POST   /api/task-runs/:id/start  --> github.com/pedronauck/agh/internal/api/core.(*BaseHandlers).StartTaskRun-fm (5 handlers)
[GIN-debug] POST   /api/task-runs/:id/attach-session --> github.com/pedronauck/agh/internal/api/core.(*BaseHandlers).AttachTaskRunSession-fm (5 handlers)
[GIN-debug] POST   /api/task-runs/:id/complete --> github.com/pedronauck/agh/internal/api/core.(*BaseHandlers).CompleteTaskRun-fm (5 handlers)
[GIN-debug] POST   /api/task-runs/:id/fail   --> github.com/pedronauck/agh/internal/api/core.(*BaseHandlers).FailTaskRun-fm (5 handlers)
[GIN-debug] POST   /api/task-runs/:id/cancel --> github.com/pedronauck/agh/internal/api/core.(*BaseHandlers).CancelTaskRun-fm (5 handlers)
[GIN-debug] GET    /api/skills               --> github.com/pedronauck/agh/internal/api/core.(*BaseHandlers).ListSkills-fm (5 handlers)
[GIN-debug] GET    /api/skills/:name         --> github.com/pedronauck/agh/internal/api/core.(*BaseHandlers).GetSkill-fm (5 handlers)
[GIN-debug] GET    /api/skills/:name/content --> github.com/pedronauck/agh/internal/api/core.(*BaseHandlers).GetSkillContent-fm (5 handlers)
[GIN-debug] POST   /api/skills/:name/enable  --> github.com/pedronauck/agh/internal/api/core.(*BaseHandlers).EnableSkill-fm (5 handlers)
[GIN-debug] POST   /api/skills/:name/disable --> github.com/pedronauck/agh/internal/api/core.(*BaseHandlers).DisableSkill-fm (5 handlers)
[GIN-debug] GET    /api/memory               --> github.com/pedronauck/agh/internal/api/core.(*BaseHandlers).ListMemory-fm (5 handlers)
[GIN-debug] GET    /api/memory/:filename     --> github.com/pedronauck/agh/internal/api/core.(*BaseHandlers).ReadMemory-fm (5 handlers)
[GIN-debug] PUT    /api/memory/:filename     --> github.com/pedronauck/agh/internal/api/core.(*BaseHandlers).WriteMemory-fm (5 handlers)
[GIN-debug] DELETE /api/memory/:filename     --> github.com/pedronauck/agh/internal/api/core.(*BaseHandlers).DeleteMemory-fm (5 handlers)
[GIN-debug] POST   /api/memory/consolidate   --> github.com/pedronauck/agh/internal/api/core.(*BaseHandlers).ConsolidateMemory-fm (5 handlers)
[GIN-debug] GET    /api/daemon/status        --> github.com/pedronauck/agh/internal/api/core.(*BaseHandlers).DaemonStatus-fm (5 handlers)
[GIN-debug] GET    /api/network/status       --> github.com/pedronauck/agh/internal/api/core.(*BaseHandlers).NetworkStatus-fm (5 handlers)
[GIN-debug] GET    /api/network/peers        --> github.com/pedronauck/agh/internal/api/core.(*BaseHandlers).NetworkPeers-fm (5 handlers)
[GIN-debug] GET    /api/network/peers/:peer_id --> github.com/pedronauck/agh/internal/api/core.(*BaseHandlers).NetworkPeer-fm (5 handlers)
[GIN-debug] GET    /api/network/channels     --> github.com/pedronauck/agh/internal/api/core.(*BaseHandlers).NetworkChannels-fm (5 handlers)
[GIN-debug] POST   /api/network/channels     --> github.com/pedronauck/agh/internal/api/core.(*BaseHandlers).CreateNetworkChannel-fm (5 handlers)
[GIN-debug] GET    /api/network/channels/:channel --> github.com/pedronauck/agh/internal/api/core.(*BaseHandlers).NetworkChannel-fm (5 handlers)
[GIN-debug] GET    /api/network/channels/:channel/messages --> github.com/pedronauck/agh/internal/api/core.(*BaseHandlers).NetworkChannelMessages-fm (5 handlers)
[GIN-debug] POST   /api/network/send         --> github.com/pedronauck/agh/internal/api/core.(*BaseHandlers).NetworkSend-fm (5 handlers)
[GIN-debug] GET    /api/network/inbox        --> github.com/pedronauck/agh/internal/api/core.(*BaseHandlers).NetworkInbox-fm (5 handlers)
[GIN-debug] GET    /api/bundles/catalog      --> github.com/pedronauck/agh/internal/api/core.(*BaseHandlers).ListBundleCatalog-fm (5 handlers)
[GIN-debug] POST   /api/bundles/preview      --> github.com/pedronauck/agh/internal/api/core.(*BaseHandlers).PreviewBundleActivation-fm (5 handlers)
[GIN-debug] GET    /api/bundles/activations  --> github.com/pedronauck/agh/internal/api/core.(*BaseHandlers).ListBundleActivations-fm (5 handlers)
[GIN-debug] POST   /api/bundles/activations  --> github.com/pedronauck/agh/internal/api/core.(*BaseHandlers).ActivateBundle-fm (5 handlers)
[GIN-debug] GET    /api/bundles/activations/:id --> github.com/pedronauck/agh/internal/api/core.(*BaseHandlers).GetBundleActivation-fm (5 handlers)
[GIN-debug] PATCH  /api/bundles/activations/:id --> github.com/pedronauck/agh/internal/api/core.(*BaseHandlers).UpdateBundleActivation-fm (5 handlers)
[GIN-debug] DELETE /api/bundles/activations/:id --> github.com/pedronauck/agh/internal/api/core.(*BaseHandlers).DeleteBundleActivation-fm (5 handlers)
[GIN-debug] GET    /api/bundles/network/settings --> github.com/pedronauck/agh/internal/api/core.(*BaseHandlers).BundleNetworkSettings-fm (5 handlers)
[GIN-debug] POST   /api/webhooks/global/:endpoint --> github.com/pedronauck/agh/internal/api/core.(*BaseHandlers).DeliverGlobalWebhook-fm (5 handlers)
[GIN-debug] POST   /api/webhooks/workspaces/:workspace_id/:endpoint --> github.com/pedronauck/agh/internal/api/core.(*BaseHandlers).DeliverWorkspaceWebhook-fm (5 handlers)
[GIN-debug] [WARNING] Running in "debug" mode. Switch to "release" mode in production.
 - using env:	export GIN_MODE=release
 - using code:	gin.SetMode(gin.ReleaseMode)

{"time":"2026-04-15T12:24:59.200227-03:00","level":"WARN","msg":"api: stream shutdown bridge not provided; streaming handlers will rely on caller context until a transport installs one"}
[GIN-debug] GET    /api/bridges              --> github.com/pedronauck/agh/internal/api/core.(*BaseHandlers).ListBridges-fm (2 handlers)
[GIN-debug] POST   /api/bridges              --> github.com/pedronauck/agh/internal/api/core.(*BaseHandlers).CreateBridge-fm (2 handlers)
[GIN-debug] GET    /api/bridges/providers    --> github.com/pedronauck/agh/internal/api/core.(*BaseHandlers).ListBridgeProviders-fm (2 handlers)
[GIN-debug] GET    /api/bridges/:id          --> github.com/pedronauck/agh/internal/api/core.(*BaseHandlers).GetBridge-fm (2 handlers)
[GIN-debug] PATCH  /api/bridges/:id          --> github.com/pedronauck/agh/internal/api/core.(*BaseHandlers).UpdateBridge-fm (2 handlers)
[GIN-debug] POST   /api/bridges/:id/enable   --> github.com/pedronauck/agh/internal/api/core.(*BaseHandlers).EnableBridge-fm (2 handlers)
[GIN-debug] POST   /api/bridges/:id/disable  --> github.com/pedronauck/agh/internal/api/core.(*BaseHandlers).DisableBridge-fm (2 handlers)
[GIN-debug] POST   /api/bridges/:id/restart  --> github.com/pedronauck/agh/internal/api/core.(*BaseHandlers).RestartBridge-fm (2 handlers)
[GIN-debug] GET    /api/bridges/:id/routes   --> github.com/pedronauck/agh/internal/api/core.(*BaseHandlers).ListBridgeRoutes-fm (2 handlers)
[GIN-debug] GET    /api/bridges/:id/secret-bindings --> github.com/pedronauck/agh/internal/api/core.(*BaseHandlers).ListBridgeSecretBindings-fm (2 handlers)
[GIN-debug] PUT    /api/bridges/:id/secret-bindings/:binding_name --> github.com/pedronauck/agh/internal/api/core.(*BaseHandlers).PutBridgeSecretBinding-fm (2 handlers)
[GIN-debug] DELETE /api/bridges/:id/secret-bindings/:binding_name --> github.com/pedronauck/agh/internal/api/core.(*BaseHandlers).DeleteBridgeSecretBinding-fm (2 handlers)
[GIN-debug] POST   /api/bridges/:id/test-delivery --> github.com/pedronauck/agh/internal/api/core.(*BaseHandlers).TestBridgeDelivery-fm (2 handlers)
[GIN-debug] POST   /api/workspaces           --> github.com/pedronauck/agh/internal/api/core.(*BaseHandlers).CreateWorkspace-fm (2 handlers)
[GIN-debug] GET    /api/workspaces           --> github.com/pedronauck/agh/internal/api/core.(*BaseHandlers).ListWorkspaces-fm (2 handlers)
[GIN-debug] GET    /api/workspaces/:id       --> github.com/pedronauck/agh/internal/api/core.(*BaseHandlers).GetWorkspace-fm (2 handlers)
[GIN-debug] PATCH  /api/workspaces/:id       --> github.com/pedronauck/agh/internal/api/core.(*BaseHandlers).UpdateWorkspace-fm (2 handlers)
[GIN-debug] DELETE /api/workspaces/:id       --> github.com/pedronauck/agh/internal/api/core.(*BaseHandlers).DeleteWorkspace-fm (2 handlers)
[GIN-debug] POST   /api/workspaces/resolve   --> github.com/pedronauck/agh/internal/api/core.(*BaseHandlers).ResolveWorkspace-fm (2 handlers)
[GIN-debug] GET    /api/sessions             --> github.com/pedronauck/agh/internal/api/core.(*BaseHandlers).ListSessions-fm (2 handlers)
[GIN-debug] POST   /api/sessions             --> github.com/pedronauck/agh/internal/api/core.(*BaseHandlers).CreateSession-fm (2 handlers)
[GIN-debug] GET    /api/sessions/:id         --> github.com/pedronauck/agh/internal/api/core.(*BaseHandlers).GetSession-fm (2 handlers)
[GIN-debug] DELETE /api/sessions/:id         --> github.com/pedronauck/agh/internal/api/core.(*BaseHandlers).StopSession-fm (2 handlers)
[GIN-debug] POST   /api/sessions/:id/resume  --> github.com/pedronauck/agh/internal/api/core.(*BaseHandlers).ResumeSession-fm (2 handlers)
[GIN-debug] POST   /api/sessions/:id/prompt  --> github.com/pedronauck/agh/internal/api/udsapi.(*Handlers).promptSession-fm (2 handlers)
[GIN-debug] GET    /api/sessions/:id/events  --> github.com/pedronauck/agh/internal/api/core.(*BaseHandlers).SessionEvents-fm (2 handlers)
[GIN-debug] GET    /api/sessions/:id/history --> github.com/pedronauck/agh/internal/api/core.(*BaseHandlers).SessionHistory-fm (2 handlers)
[GIN-debug] GET    /api/sessions/:id/transcript --> github.com/pedronauck/agh/internal/api/core.(*BaseHandlers).SessionTranscript-fm (2 handlers)
[GIN-debug] GET    /api/sessions/:id/stream  --> github.com/pedronauck/agh/internal/api/core.(*BaseHandlers).StreamSession-fm (2 handlers)
[GIN-debug] POST   /api/sessions/:id/approve --> github.com/pedronauck/agh/internal/api/udsapi.(*Handlers).approveSession-fm (2 handlers)
[GIN-debug] GET    /api/agents               --> github.com/pedronauck/agh/internal/api/core.(*BaseHandlers).ListAgents-fm (2 handlers)
[GIN-debug] GET    /api/agents/:name         --> github.com/pedronauck/agh/internal/api/core.(*BaseHandlers).GetAgent-fm (2 handlers)
[GIN-debug] GET    /api/observe/events       --> github.com/pedronauck/agh/internal/api/core.(*BaseHandlers).ObserveEvents-fm (2 handlers)
[GIN-debug] GET    /api/observe/events/stream --> github.com/pedronauck/agh/internal/api/core.(*BaseHandlers).StreamObserveEvents-fm (2 handlers)
[GIN-debug] GET    /api/observe/health       --> github.com/pedronauck/agh/internal/api/core.(*BaseHandlers).Health-fm (2 handlers)
[GIN-debug] GET    /api/hooks/catalog        --> github.com/pedronauck/agh/internal/api/core.(*BaseHandlers).HookCatalog-fm (2 handlers)
[GIN-debug] GET    /api/hooks/runs           --> github.com/pedronauck/agh/internal/api/core.(*BaseHandlers).HookRuns-fm (2 handlers)
[GIN-debug] GET    /api/hooks/events         --> github.com/pedronauck/agh/internal/api/core.(*BaseHandlers).HookEvents-fm (2 handlers)
[GIN-debug] GET    /api/automation/jobs      --> github.com/pedronauck/agh/internal/api/core.(*BaseHandlers).ListAutomationJobs-fm (2 handlers)
[GIN-debug] POST   /api/automation/jobs      --> github.com/pedronauck/agh/internal/api/core.(*BaseHandlers).CreateAutomationJob-fm (2 handlers)
[GIN-debug] GET    /api/automation/jobs/:id  --> github.com/pedronauck/agh/internal/api/core.(*BaseHandlers).GetAutomationJob-fm (2 handlers)
[GIN-debug] PATCH  /api/automation/jobs/:id  --> github.com/pedronauck/agh/internal/api/core.(*BaseHandlers).UpdateAutomationJob-fm (2 handlers)
[GIN-debug] DELETE /api/automation/jobs/:id  --> github.com/pedronauck/agh/internal/api/core.(*BaseHandlers).DeleteAutomationJob-fm (2 handlers)
[GIN-debug] POST   /api/automation/jobs/:id/trigger --> github.com/pedronauck/agh/internal/api/core.(*BaseHandlers).TriggerAutomationJob-fm (2 handlers)
[GIN-debug] GET    /api/automation/jobs/:id/runs --> github.com/pedronauck/agh/internal/api/core.(*BaseHandlers).AutomationJobRuns-fm (2 handlers)
[GIN-debug] GET    /api/automation/triggers  --> github.com/pedronauck/agh/internal/api/core.(*BaseHandlers).ListAutomationTriggers-fm (2 handlers)
[GIN-debug] POST   /api/automation/triggers  --> github.com/pedronauck/agh/internal/api/core.(*BaseHandlers).CreateAutomationTrigger-fm (2 handlers)
[GIN-debug] GET    /api/automation/triggers/:id --> github.com/pedronauck/agh/internal/api/core.(*BaseHandlers).GetAutomationTrigger-fm (2 handlers)
[GIN-debug] PATCH  /api/automation/triggers/:id --> github.com/pedronauck/agh/internal/api/core.(*BaseHandlers).UpdateAutomationTrigger-fm (2 handlers)
[GIN-debug] DELETE /api/automation/triggers/:id --> github.com/pedronauck/agh/internal/api/core.(*BaseHandlers).DeleteAutomationTrigger-fm (2 handlers)
[GIN-debug] GET    /api/automation/triggers/:id/runs --> github.com/pedronauck/agh/internal/api/core.(*BaseHandlers).AutomationTriggerRuns-fm (2 handlers)
[GIN-debug] GET    /api/automation/runs      --> github.com/pedronauck/agh/internal/api/core.(*BaseHandlers).ListAutomationRuns-fm (2 handlers)
[GIN-debug] GET    /api/automation/runs/:id  --> github.com/pedronauck/agh/internal/api/core.(*BaseHandlers).GetAutomationRun-fm (2 handlers)
[GIN-debug] POST   /api/tasks                --> github.com/pedronauck/agh/internal/api/core.(*BaseHandlers).CreateTask-fm (2 handlers)
[GIN-debug] GET    /api/tasks                --> github.com/pedronauck/agh/internal/api/core.(*BaseHandlers).ListTasks-fm (2 handlers)
[GIN-debug] GET    /api/tasks/:id            --> github.com/pedronauck/agh/internal/api/core.(*BaseHandlers).GetTask-fm (2 handlers)
[GIN-debug] PATCH  /api/tasks/:id            --> github.com/pedronauck/agh/internal/api/core.(*BaseHandlers).UpdateTask-fm (2 handlers)
[GIN-debug] POST   /api/tasks/:id/cancel     --> github.com/pedronauck/agh/internal/api/core.(*BaseHandlers).CancelTask-fm (2 handlers)
[GIN-debug] POST   /api/tasks/:id/children   --> github.com/pedronauck/agh/internal/api/core.(*BaseHandlers).CreateChildTask-fm (2 handlers)
[GIN-debug] POST   /api/tasks/:id/dependencies --> github.com/pedronauck/agh/internal/api/core.(*BaseHandlers).AddTaskDependency-fm (2 handlers)
[GIN-debug] DELETE /api/tasks/:id/dependencies/:depends_on_id --> github.com/pedronauck/agh/internal/api/core.(*BaseHandlers).RemoveTaskDependency-fm (2 handlers)
[GIN-debug] POST   /api/tasks/:id/runs       --> github.com/pedronauck/agh/internal/api/core.(*BaseHandlers).EnqueueTaskRun-fm (2 handlers)
[GIN-debug] GET    /api/tasks/:id/runs       --> github.com/pedronauck/agh/internal/api/core.(*BaseHandlers).ListTaskRuns-fm (2 handlers)
[GIN-debug] POST   /api/task-runs/:id/claim  --> github.com/pedronauck/agh/internal/api/core.(*BaseHandlers).ClaimTaskRun-fm (2 handlers)
[GIN-debug] POST   /api/task-runs/:id/start  --> github.com/pedronauck/agh/internal/api/core.(*BaseHandlers).StartTaskRun-fm (2 handlers)
[GIN-debug] POST   /api/task-runs/:id/attach-session --> github.com/pedronauck/agh/internal/api/core.(*BaseHandlers).AttachTaskRunSession-fm (2 handlers)
[GIN-debug] POST   /api/task-runs/:id/complete --> github.com/pedronauck/agh/internal/api/core.(*BaseHandlers).CompleteTaskRun-fm (2 handlers)
[GIN-debug] POST   /api/task-runs/:id/fail   --> github.com/pedronauck/agh/internal/api/core.(*BaseHandlers).FailTaskRun-fm (2 handlers)
[GIN-debug] POST   /api/task-runs/:id/cancel --> github.com/pedronauck/agh/internal/api/core.(*BaseHandlers).CancelTaskRun-fm (2 handlers)
[GIN-debug] GET    /api/skills               --> github.com/pedronauck/agh/internal/api/core.(*BaseHandlers).ListSkills-fm (2 handlers)
[GIN-debug] GET    /api/skills/:name         --> github.com/pedronauck/agh/internal/api/core.(*BaseHandlers).GetSkill-fm (2 handlers)
[GIN-debug] GET    /api/skills/:name/content --> github.com/pedronauck/agh/internal/api/core.(*BaseHandlers).GetSkillContent-fm (2 handlers)
[GIN-debug] POST   /api/skills/:name/enable  --> github.com/pedronauck/agh/internal/api/core.(*BaseHandlers).EnableSkill-fm (2 handlers)
[GIN-debug] POST   /api/skills/:name/disable --> github.com/pedronauck/agh/internal/api/core.(*BaseHandlers).DisableSkill-fm (2 handlers)
[GIN-debug] GET    /api/memory               --> github.com/pedronauck/agh/internal/api/core.(*BaseHandlers).ListMemory-fm (2 handlers)
[GIN-debug] GET    /api/memory/:filename     --> github.com/pedronauck/agh/internal/api/core.(*BaseHandlers).ReadMemory-fm (2 handlers)
[GIN-debug] PUT    /api/memory/:filename     --> github.com/pedronauck/agh/internal/api/core.(*BaseHandlers).WriteMemory-fm (2 handlers)
[GIN-debug] DELETE /api/memory/:filename     --> github.com/pedronauck/agh/internal/api/core.(*BaseHandlers).DeleteMemory-fm (2 handlers)
[GIN-debug] POST   /api/memory/consolidate   --> github.com/pedronauck/agh/internal/api/core.(*BaseHandlers).ConsolidateMemory-fm (2 handlers)
[GIN-debug] GET    /api/daemon/status        --> github.com/pedronauck/agh/internal/api/core.(*BaseHandlers).DaemonStatus-fm (2 handlers)
[GIN-debug] GET    /api/network/status       --> github.com/pedronauck/agh/internal/api/core.(*BaseHandlers).NetworkStatus-fm (2 handlers)
[GIN-debug] GET    /api/network/peers        --> github.com/pedronauck/agh/internal/api/core.(*BaseHandlers).NetworkPeers-fm (2 handlers)
[GIN-debug] GET    /api/network/peers/:peer_id --> github.com/pedronauck/agh/internal/api/core.(*BaseHandlers).NetworkPeer-fm (2 handlers)
[GIN-debug] GET    /api/network/channels     --> github.com/pedronauck/agh/internal/api/core.(*BaseHandlers).NetworkChannels-fm (2 handlers)
[GIN-debug] POST   /api/network/channels     --> github.com/pedronauck/agh/internal/api/core.(*BaseHandlers).CreateNetworkChannel-fm (2 handlers)
[GIN-debug] GET    /api/network/channels/:channel --> github.com/pedronauck/agh/internal/api/core.(*BaseHandlers).NetworkChannel-fm (2 handlers)
[GIN-debug] GET    /api/network/channels/:channel/messages --> github.com/pedronauck/agh/internal/api/core.(*BaseHandlers).NetworkChannelMessages-fm (2 handlers)
[GIN-debug] POST   /api/network/send         --> github.com/pedronauck/agh/internal/api/core.(*BaseHandlers).NetworkSend-fm (2 handlers)
[GIN-debug] GET    /api/network/inbox        --> github.com/pedronauck/agh/internal/api/core.(*BaseHandlers).NetworkInbox-fm (2 handlers)
[GIN-debug] GET    /api/bundles/catalog      --> github.com/pedronauck/agh/internal/api/core.(*BaseHandlers).ListBundleCatalog-fm (2 handlers)
[GIN-debug] POST   /api/bundles/preview      --> github.com/pedronauck/agh/internal/api/core.(*BaseHandlers).PreviewBundleActivation-fm (2 handlers)
[GIN-debug] GET    /api/bundles/activations  --> github.com/pedronauck/agh/internal/api/core.(*BaseHandlers).ListBundleActivations-fm (2 handlers)
[GIN-debug] POST   /api/bundles/activations  --> github.com/pedronauck/agh/internal/api/core.(*BaseHandlers).ActivateBundle-fm (2 handlers)
[GIN-debug] GET    /api/bundles/activations/:id --> github.com/pedronauck/agh/internal/api/core.(*BaseHandlers).GetBundleActivation-fm (2 handlers)
[GIN-debug] PATCH  /api/bundles/activations/:id --> github.com/pedronauck/agh/internal/api/core.(*BaseHandlers).UpdateBundleActivation-fm (2 handlers)
[GIN-debug] DELETE /api/bundles/activations/:id --> github.com/pedronauck/agh/internal/api/core.(*BaseHandlers).DeleteBundleActivation-fm (2 handlers)
[GIN-debug] GET    /api/bundles/network/settings --> github.com/pedronauck/agh/internal/api/core.(*BaseHandlers).BundleNetworkSettings-fm (2 handlers)
[GIN-debug] GET    /api/extensions           --> github.com/pedronauck/agh/internal/api/udsapi.(*Handlers).ListExtensions-fm (2 handlers)
[GIN-debug] POST   /api/extensions           --> github.com/pedronauck/agh/internal/api/udsapi.(*Handlers).InstallExtension-fm (2 handlers)
[GIN-debug] GET    /api/extensions/:name     --> github.com/pedronauck/agh/internal/api/udsapi.(*Handlers).ExtensionStatus-fm (2 handlers)
[GIN-debug] POST   /api/extensions/:name/enable --> github.com/pedronauck/agh/internal/api/udsapi.(*Handlers).EnableExtension-fm (2 handlers)
[GIN-debug] POST   /api/extensions/:name/disable --> github.com/pedronauck/agh/internal/api/udsapi.(*Handlers).DisableExtension-fm (2 handlers)
{"time":"2026-04-15T12:24:59.214328-03:00","level":"INFO","msg":"daemon: boot reconciliation complete","indexed_sessions":0,"orphaned_sessions":0}
{"time":"2026-04-15T12:25:06.165144-03:00","level":"INFO","msg":"httpapi: request","method":"GET","path":"/api/daemon/status","status":200,"latency_ms":0,"client_ip":"127.0.0.1"}
{"time":"2026-04-15T12:25:15.60702-03:00","level":"INFO","msg":"extension.lifecycle.shutdown","extension":"telegram"}
{"time":"2026-04-15T12:25:15.618848-03:00","level":"INFO","msg":"extension.lifecycle.loaded","extension":"telegram","source":"user","active":true,"skill_count":0,"agent_count":0,"hook_count":0,"mcp_server_count":0}
{"time":"2026-04-15T12:25:26.735353-03:00","level":"INFO","msg":"httpapi: request","method":"GET","path":"/api/observe/health","status":200,"latency_ms":0,"client_ip":"127.0.0.1"}
{"time":"2026-04-15T12:25:46.621151-03:00","level":"WARN","msg":"extension.lifecycle.failed","extension":"telegram","phase":"recover","error":"health check failed: ","consecutive_failures":1,"restart_backoff_ms":1000}
{"time":"2026-04-15T12:25:47.630957-03:00","level":"INFO","msg":"extension.lifecycle.loaded","extension":"telegram","source":"user","recovered":true}
{"time":"2026-04-15T12:25:52.752438-03:00","level":"INFO","msg":"httpapi: request","method":"GET","path":"/api/bridges/providers","status":200,"latency_ms":0,"client_ip":"127.0.0.1"}
{"time":"2026-04-15T12:25:52.753675-03:00","level":"INFO","msg":"httpapi: request","method":"PUT","path":"/api/bridges/:id/secret-bindings/:binding_name","status":200,"latency_ms":0,"client_ip":"127.0.0.1"}
{"time":"2026-04-15T12:25:52.759334-03:00","level":"INFO","msg":"httpapi: request","method":"GET","path":"/api/bridges/:id/secret-bindings","status":200,"latency_ms":0,"client_ip":"127.0.0.1"}
{"time":"2026-04-15T12:25:52.762057-03:00","level":"INFO","msg":"httpapi: request","method":"POST","path":"/api/bridges/:id/test-delivery","status":200,"latency_ms":0,"client_ip":"127.0.0.1"}
{"time":"2026-04-15T12:26:00.154802-03:00","level":"INFO","msg":"httpapi: request","method":"DELETE","path":"/api/bridges/:id/secret-bindings/:binding_name","status":204,"latency_ms":0,"client_ip":"127.0.0.1"}
{"time":"2026-04-15T12:26:15.773806-03:00","level":"INFO","msg":"httpapi: request","method":"PUT","path":"/api/bridges/:id/secret-bindings/:binding_name","status":200,"latency_ms":0,"client_ip":"127.0.0.1"}
{"time":"2026-04-15T12:26:15.780726-03:00","level":"INFO","msg":"extension.lifecycle.shutdown","extension":"telegram"}
{"time":"2026-04-15T12:26:15.781151-03:00","level":"ERROR","msg":"extension.lifecycle.failed","extension":"telegram","phase":"initialize","error":"extension: resolve bridge runtime for \"telegram\": daemon: resolve bound secrets for bridge instance \"brg-7784fca7c6e8d8cf\": daemon: bridge secret resolver is required"}
{"time":"2026-04-15T12:26:36.410528-03:00","level":"INFO","msg":"httpapi: request","method":"GET","path":"","status":200,"latency_ms":1,"client_ip":"127.0.0.1"}
{"time":"2026-04-15T12:26:36.414415-03:00","level":"INFO","msg":"httpapi: request","method":"GET","path":"","status":200,"latency_ms":0,"client_ip":"127.0.0.1"}
{"time":"2026-04-15T12:26:36.414647-03:00","level":"INFO","msg":"httpapi: request","method":"GET","path":"","status":200,"latency_ms":0,"client_ip":"127.0.0.1"}
{"time":"2026-04-15T12:26:36.414718-03:00","level":"INFO","msg":"httpapi: request","method":"GET","path":"","status":200,"latency_ms":0,"client_ip":"127.0.0.1"}
{"time":"2026-04-15T12:26:36.414869-03:00","level":"INFO","msg":"httpapi: request","method":"GET","path":"","status":200,"latency_ms":0,"client_ip":"127.0.0.1"}
{"time":"2026-04-15T12:26:36.414968-03:00","level":"INFO","msg":"httpapi: request","method":"GET","path":"","status":200,"latency_ms":0,"client_ip":"127.0.0.1"}
{"time":"2026-04-15T12:26:36.415108-03:00","level":"INFO","msg":"httpapi: request","method":"GET","path":"","status":200,"latency_ms":0,"client_ip":"127.0.0.1"}
{"time":"2026-04-15T12:26:36.41539-03:00","level":"INFO","msg":"httpapi: request","method":"GET","path":"","status":200,"latency_ms":0,"client_ip":"127.0.0.1"}
{"time":"2026-04-15T12:26:36.43574-03:00","level":"INFO","msg":"httpapi: request","method":"GET","path":"","status":200,"latency_ms":0,"client_ip":"127.0.0.1"}
{"time":"2026-04-15T12:26:36.435801-03:00","level":"INFO","msg":"httpapi: request","method":"GET","path":"","status":200,"latency_ms":0,"client_ip":"127.0.0.1"}
{"time":"2026-04-15T12:26:36.4359-03:00","level":"INFO","msg":"httpapi: request","method":"GET","path":"","status":200,"latency_ms":0,"client_ip":"127.0.0.1"}
{"time":"2026-04-15T12:26:36.435925-03:00","level":"INFO","msg":"httpapi: request","method":"GET","path":"","status":200,"latency_ms":0,"client_ip":"127.0.0.1"}
{"time":"2026-04-15T12:26:36.436034-03:00","level":"INFO","msg":"httpapi: request","method":"GET","path":"","status":200,"latency_ms":0,"client_ip":"127.0.0.1"}
{"time":"2026-04-15T12:26:36.436254-03:00","level":"INFO","msg":"httpapi: request","method":"GET","path":"","status":200,"latency_ms":1,"client_ip":"127.0.0.1"}
{"time":"2026-04-15T12:26:36.436257-03:00","level":"INFO","msg":"httpapi: request","method":"GET","path":"","status":200,"latency_ms":0,"client_ip":"127.0.0.1"}
{"time":"2026-04-15T12:26:36.437224-03:00","level":"INFO","msg":"httpapi: request","method":"GET","path":"","status":200,"latency_ms":0,"client_ip":"127.0.0.1"}
{"time":"2026-04-15T12:26:36.43725-03:00","level":"INFO","msg":"httpapi: request","method":"GET","path":"","status":200,"latency_ms":0,"client_ip":"127.0.0.1"}
{"time":"2026-04-15T12:26:36.437436-03:00","level":"INFO","msg":"httpapi: request","method":"GET","path":"","status":200,"latency_ms":0,"client_ip":"127.0.0.1"}
{"time":"2026-04-15T12:26:36.437585-03:00","level":"INFO","msg":"httpapi: request","method":"GET","path":"","status":200,"latency_ms":0,"client_ip":"127.0.0.1"}
{"time":"2026-04-15T12:26:36.437831-03:00","level":"INFO","msg":"httpapi: request","method":"GET","path":"","status":200,"latency_ms":0,"client_ip":"127.0.0.1"}
{"time":"2026-04-15T12:26:36.438155-03:00","level":"INFO","msg":"httpapi: request","method":"GET","path":"","status":200,"latency_ms":0,"client_ip":"127.0.0.1"}
{"time":"2026-04-15T12:26:36.437735-03:00","level":"INFO","msg":"httpapi: request","method":"GET","path":"","status":200,"latency_ms":0,"client_ip":"127.0.0.1"}
{"time":"2026-04-15T12:26:36.437845-03:00","level":"INFO","msg":"httpapi: request","method":"GET","path":"","status":200,"latency_ms":0,"client_ip":"127.0.0.1"}
{"time":"2026-04-15T12:26:36.438428-03:00","level":"INFO","msg":"httpapi: request","method":"GET","path":"","status":200,"latency_ms":0,"client_ip":"127.0.0.1"}
{"time":"2026-04-15T12:26:36.438265-03:00","level":"INFO","msg":"httpapi: request","method":"GET","path":"","status":200,"latency_ms":0,"client_ip":"127.0.0.1"}
{"time":"2026-04-15T12:26:36.43829-03:00","level":"INFO","msg":"httpapi: request","method":"GET","path":"","status":200,"latency_ms":0,"client_ip":"127.0.0.1"}
{"time":"2026-04-15T12:26:36.438619-03:00","level":"INFO","msg":"httpapi: request","method":"GET","path":"","status":200,"latency_ms":0,"client_ip":"127.0.0.1"}
{"time":"2026-04-15T12:26:36.438686-03:00","level":"INFO","msg":"httpapi: request","method":"GET","path":"","status":200,"latency_ms":0,"client_ip":"127.0.0.1"}
{"time":"2026-04-15T12:26:36.438866-03:00","level":"INFO","msg":"httpapi: request","method":"GET","path":"","status":200,"latency_ms":0,"client_ip":"127.0.0.1"}
{"time":"2026-04-15T12:26:36.438936-03:00","level":"INFO","msg":"httpapi: request","method":"GET","path":"","status":200,"latency_ms":0,"client_ip":"127.0.0.1"}
{"time":"2026-04-15T12:26:36.439054-03:00","level":"INFO","msg":"httpapi: request","method":"GET","path":"","status":200,"latency_ms":0,"client_ip":"127.0.0.1"}
{"time":"2026-04-15T12:26:36.439419-03:00","level":"INFO","msg":"httpapi: request","method":"GET","path":"","status":200,"latency_ms":0,"client_ip":"127.0.0.1"}
{"time":"2026-04-15T12:26:36.439136-03:00","level":"INFO","msg":"httpapi: request","method":"GET","path":"","status":200,"latency_ms":0,"client_ip":"127.0.0.1"}
{"time":"2026-04-15T12:26:36.439144-03:00","level":"INFO","msg":"httpapi: request","method":"GET","path":"","status":200,"latency_ms":0,"client_ip":"127.0.0.1"}
{"time":"2026-04-15T12:26:36.43918-03:00","level":"INFO","msg":"httpapi: request","method":"GET","path":"","status":200,"latency_ms":0,"client_ip":"127.0.0.1"}
{"time":"2026-04-15T12:26:36.43943-03:00","level":"INFO","msg":"httpapi: request","method":"GET","path":"","status":200,"latency_ms":0,"client_ip":"127.0.0.1"}
{"time":"2026-04-15T12:26:36.439971-03:00","level":"INFO","msg":"httpapi: request","method":"GET","path":"","status":200,"latency_ms":0,"client_ip":"127.0.0.1"}
{"time":"2026-04-15T12:26:36.440125-03:00","level":"INFO","msg":"httpapi: request","method":"GET","path":"","status":200,"latency_ms":0,"client_ip":"127.0.0.1"}
{"time":"2026-04-15T12:26:36.464589-03:00","level":"INFO","msg":"httpapi: request","method":"GET","path":"/api/workspaces","status":200,"latency_ms":0,"client_ip":"127.0.0.1"}
{"time":"2026-04-15T12:26:36.465092-03:00","level":"INFO","msg":"httpapi: request","method":"GET","path":"/api/bridges/providers","status":200,"latency_ms":0,"client_ip":"127.0.0.1"}
{"time":"2026-04-15T12:26:36.465137-03:00","level":"INFO","msg":"httpapi: request","method":"GET","path":"/api/observe/health","status":200,"latency_ms":0,"client_ip":"127.0.0.1"}
{"time":"2026-04-15T12:26:36.465259-03:00","level":"INFO","msg":"httpapi: request","method":"GET","path":"/api/agents","status":200,"latency_ms":0,"client_ip":"127.0.0.1"}
{"time":"2026-04-15T12:26:36.4656-03:00","level":"INFO","msg":"httpapi: request","method":"GET","path":"/api/bridges","status":200,"latency_ms":0,"client_ip":"127.0.0.1"}
{"time":"2026-04-15T12:26:36.487831-03:00","level":"INFO","msg":"httpapi: request","method":"GET","path":"","status":200,"latency_ms":0,"client_ip":"127.0.0.1"}
{"time":"2026-04-15T12:26:36.487853-03:00","level":"INFO","msg":"httpapi: request","method":"GET","path":"","status":200,"latency_ms":0,"client_ip":"127.0.0.1"}
{"time":"2026-04-15T12:26:36.491455-03:00","level":"INFO","msg":"httpapi: request","method":"GET","path":"","status":200,"latency_ms":0,"client_ip":"127.0.0.1"}
{"time":"2026-04-15T12:26:36.495872-03:00","level":"INFO","msg":"httpapi: request","method":"GET","path":"/api/daemon/status","status":200,"latency_ms":0,"client_ip":"127.0.0.1"}
{"time":"2026-04-15T12:26:46.103075-03:00","level":"INFO","msg":"workspace.register","workspace_id":"ws_897aca4acc93529e","root_dir":"/Users/pedronauck","name":"pedronauck"}
{"time":"2026-04-15T12:26:46.10311-03:00","level":"INFO","msg":"httpapi: request","method":"POST","path":"/api/workspaces/resolve","status":200,"latency_ms":0,"client_ip":"127.0.0.1"}
{"time":"2026-04-15T12:26:46.109141-03:00","level":"INFO","msg":"httpapi: request","method":"GET","path":"/api/workspaces","status":200,"latency_ms":0,"client_ip":"127.0.0.1"}
{"time":"2026-04-15T12:26:46.120305-03:00","level":"INFO","msg":"httpapi: request","method":"GET","path":"/api/bridges/:id","status":200,"latency_ms":0,"client_ip":"127.0.0.1"}
{"time":"2026-04-15T12:26:46.12039-03:00","level":"INFO","msg":"httpapi: request","method":"GET","path":"/api/bridges/:id/routes","status":200,"latency_ms":0,"client_ip":"127.0.0.1"}
{"time":"2026-04-15T12:26:46.120595-03:00","level":"INFO","msg":"httpapi: request","method":"GET","path":"/api/observe/health","status":200,"latency_ms":0,"client_ip":"127.0.0.1"}
{"time":"2026-04-15T12:26:46.120858-03:00","level":"INFO","msg":"httpapi: request","method":"GET","path":"/api/sessions","status":200,"latency_ms":0,"client_ip":"127.0.0.1"}
{"time":"2026-04-15T12:26:51.131922-03:00","level":"INFO","msg":"httpapi: request","method":"GET","path":"/api/sessions","status":200,"latency_ms":0,"client_ip":"127.0.0.1"}
{"time":"2026-04-15T12:26:56.131827-03:00","level":"INFO","msg":"httpapi: request","method":"GET","path":"/api/observe/health","status":200,"latency_ms":0,"client_ip":"127.0.0.1"}
{"time":"2026-04-15T12:26:56.133181-03:00","level":"INFO","msg":"httpapi: request","method":"GET","path":"/api/sessions","status":200,"latency_ms":0,"client_ip":"127.0.0.1"}
{"time":"2026-04-15T12:27:01.135048-03:00","level":"INFO","msg":"httpapi: request","method":"GET","path":"/api/sessions","status":200,"latency_ms":0,"client_ip":"127.0.0.1"}
{"time":"2026-04-15T12:27:06.134496-03:00","level":"INFO","msg":"httpapi: request","method":"GET","path":"/api/observe/health","status":200,"latency_ms":0,"client_ip":"127.0.0.1"}
{"time":"2026-04-15T12:27:06.136081-03:00","level":"INFO","msg":"httpapi: request","method":"GET","path":"/api/sessions","status":200,"latency_ms":0,"client_ip":"127.0.0.1"}
{"time":"2026-04-15T12:27:10.263023-03:00","level":"INFO","msg":"httpapi: request","method":"GET","path":"/api/bridges/:id/routes","status":200,"latency_ms":0,"client_ip":"127.0.0.1"}
{"time":"2026-04-15T12:27:10.263126-03:00","level":"INFO","msg":"httpapi: request","method":"GET","path":"/api/bridges/:id","status":200,"latency_ms":0,"client_ip":"127.0.0.1"}
{"time":"2026-04-15T12:27:11.138511-03:00","level":"INFO","msg":"httpapi: request","method":"GET","path":"/api/sessions","status":200,"latency_ms":0,"client_ip":"127.0.0.1"}
{"time":"2026-04-15T12:27:16.121798-03:00","level":"INFO","msg":"httpapi: request","method":"GET","path":"/api/bridges","status":200,"latency_ms":0,"client_ip":"127.0.0.1"}
{"time":"2026-04-15T12:27:16.137198-03:00","level":"INFO","msg":"httpapi: request","method":"GET","path":"/api/observe/health","status":200,"latency_ms":0,"client_ip":"127.0.0.1"}
{"time":"2026-04-15T12:27:16.140243-03:00","level":"INFO","msg":"httpapi: request","method":"GET","path":"/api/sessions","status":200,"latency_ms":0,"client_ip":"127.0.0.1"}
{"time":"2026-04-15T12:27:21.141846-03:00","level":"INFO","msg":"httpapi: request","method":"GET","path":"/api/sessions","status":200,"latency_ms":0,"client_ip":"127.0.0.1"}
{"time":"2026-04-15T12:29:52.275309-03:00","level":"INFO","msg":"daemon: received shutdown signal","signal":"terminated"}
{"time":"2026-04-15T12:29:52.275364-03:00","level":"INFO","msg":"extension.lifecycle.shutdown","extension":"telegram"}
{"time":"2026-04-15T12:29:52.27541-03:00","level":"INFO","msg":"automation.scheduler.shutdown","component":"automation","shutdown_duration_ms":0}
{"time":"2026-04-15T12:29:52.275427-03:00","level":"INFO","msg":"automation.manager.shutdown","component":"automation"}
